<?xml version="1.0" encoding="UTF-8"?>
<testsuites name="Amazon_TestSuiteCollection" time="107.297" tests="5" failures="0" errors="0">
   <testsuite name="Amazon_TestSuite_LoginWithCode_003" tests="1" failures="0" errors="0" time="45.482" skipped="0" timestamp="30-01-2024T18:47:47" hostname="THARANI - DESKTOP-D1AGAN8" id="Test Suites/Amazon_TestSuite/Amazon_TestSuite_LoginWithCode_003">
      <properties>
         <property name="deviceName" value=""/>
         <property name="devicePlatform" value=""/>
         <property name="logFolder" value="C:\\Users\\THARANI\\git\\SI-GuidedProject-705938-1705903924\\Reports\\20240130_184724\\Amazon_TestSuite\\Amazon_TestSuite_LoginWithCode_003\\20240130_184725"/>
         <property name="logFiles" value="C:\\Users\\THARANI\\git\\SI-GuidedProject-705938-1705903924\\Reports\\20240130_184724\\Amazon_TestSuite\\Amazon_TestSuite_LoginWithCode_003\\20240130_184725\\execution0.log"/>
         <property name="attachments" value=""/>
         <property name="hostName" value="THARANI - DESKTOP-D1AGAN8"/>
         <property name="os" value="Windows 11 64bit"/>
         <property name="katalonVersion" value="9.2.0.212"/>
         <property name="browser" value="Chrome 120.0.0.0"/>
         <property name="hostAddress" value="192.168.29.11"/>
         <property name="sessionId" value="783b759b80dc6c88733ef7f7eae5b34c"/>
         <property name="seleniumVersion" value="3.141.59"/>
         <property name="proxyInformation" value="ProxyInformation { proxyOption=NO_PROXY, proxyServerType=HTTP, username=, password=********, proxyServerAddress=, proxyServerPort=0, executionList=&quot;&quot;, isApplyToDesiredCapabilities=true }"/>
         <property name="platform" value="Windows 11"/>
      </properties>
      <testcase name="Test Cases/TC_Amazon_LoginWithCode_003" time="44.795" classname="Test Cases/TC_Amazon_LoginWithCode_003" status="PASSED">
         <system-out><![CDATA[30-01-2024T18:47:48 - [TEST_CASE][PASSED] - Test Cases/TC_Amazon_LoginWithCode_003: Test Cases/TC_Amazon_LoginWithCode_003

30-01-2024T18:47:48 - [TEST_STEP][PASSED] - Start listener action : sampleBeforeTestCase: Current window maximized

30-01-2024T18:47:48 - [TEST_STEP][PASSED] - openBrowser(""): Browser is opened with url: ''

30-01-2024T18:47:49 - [MESSAGE][INFO] - Starting 'Chrome' driver

30-01-2024T18:47:49 - [MESSAGE][INFO] - Action delay is set to 0 milliseconds

30-01-2024T18:47:57 - [MESSAGE][PASSED] - Browser is opened with url: ''

30-01-2024T18:47:57 - [TEST_STEP][PASSED] - navigateToUrl("https://www.amazon.in/"): Navigate to 'https://www.amazon.in/' successfully

30-01-2024T18:47:58 - [MESSAGE][PASSED] - Navigate to 'https://www.amazon.in/' successfully

30-01-2024T18:47:58 - [TEST_STEP][PASSED] - maximizeWindow(): Current window maximized

30-01-2024T18:48:03 - [MESSAGE][PASSED] - Current window maximized

30-01-2024T18:48:03 - [TEST_STEP][PASSED] - Start listener action : sampleBeforeTestCase: null

30-01-2024T18:48:03 - [TEST_STEP][PASSED] - println(testCaseContext.getTestCaseId()): null

30-01-2024T18:48:03 - [TEST_STEP][PASSED] - println(testCaseContext.getTestCaseVariables()): null

30-01-2024T18:48:04 - [TEST_STEP][PASSED] - openBrowser(""): Browser is opened with url: ''

30-01-2024T18:48:04 - [MESSAGE][WARNING] - A browser is already opened. Closing browser and opening a new one

30-01-2024T18:48:08 - [MESSAGE][INFO] - Starting 'Chrome' driver

30-01-2024T18:48:08 - [MESSAGE][INFO] - Action delay is set to 0 milliseconds

30-01-2024T18:48:12 - [MESSAGE][PASSED] - Browser is opened with url: ''

30-01-2024T18:48:12 - [TEST_STEP][PASSED] - navigateToUrl("https://www.amazon.in/"): Navigate to 'https://www.amazon.in/' successfully

30-01-2024T18:48:14 - [MESSAGE][PASSED] - Navigate to 'https://www.amazon.in/' successfully

30-01-2024T18:48:14 - [TEST_STEP][PASSED] - click(findTestObject("Object Repository/Amazon_LoginWithCode_OR/Page_Online Shopping site in India Shop Onl_10c5f3/span_Sign in")): Object: 'Object Repository/Amazon_LoginWithCode_OR/Page_Online Shopping site in India Shop Onl_10c5f3/span_Sign in' is clicked on

30-01-2024T18:48:25 - [MESSAGE][PASSED] - Object: 'Object Repository/Amazon_LoginWithCode_OR/Page_Online Shopping site in India Shop Onl_10c5f3/span_Sign in' is clicked on

30-01-2024T18:48:25 - [TEST_STEP][PASSED] - setText(findTestObject("Object Repository/Amazon_LoginWithCode_OR/Page_Amazon Sign In/input_email"), "8639326702"): Text '8639326702' is set on object 'Object Repository/Amazon_LoginWithCode_OR/Page_Amazon Sign In/input_email'

30-01-2024T18:48:26 - [MESSAGE][PASSED] - Text '8639326702' is set on object 'Object Repository/Amazon_LoginWithCode_OR/Page_Amazon Sign In/input_email'

30-01-2024T18:48:26 - [TEST_STEP][PASSED] - click(findTestObject("Object Repository/Amazon_LoginWithCode_OR/Page_Amazon Sign In/inputcontinue")): Object: 'Object Repository/Amazon_LoginWithCode_OR/Page_Amazon Sign In/inputcontinue' is clicked on

30-01-2024T18:48:28 - [MESSAGE][PASSED] - Object: 'Object Repository/Amazon_LoginWithCode_OR/Page_Amazon Sign In/inputcontinue' is clicked on

30-01-2024T18:48:28 - [TEST_STEP][PASSED] - click(findTestObject("Object Repository/Amazon_LoginWithCode_OR/Page_Amazon Sign In/inputcontinue")): Object: 'Object Repository/Amazon_LoginWithCode_OR/Page_Amazon Sign In/inputcontinue' is clicked on

30-01-2024T18:48:30 - [MESSAGE][PASSED] - Object: 'Object Repository/Amazon_LoginWithCode_OR/Page_Amazon Sign In/inputcontinue' is clicked on

30-01-2024T18:48:30 - [TEST_STEP][PASSED] - click(findTestObject("Object Repository/Amazon_LoginWithCode_OR/Page_Authentication required/body_cvf-input-code-container     flex 1  A_edb745")): Object: 'Object Repository/Amazon_LoginWithCode_OR/Page_Authentication required/body_cvf-input-code-container     flex 1  A_edb745' is clicked on

30-01-2024T18:48:30 - [MESSAGE][PASSED] - Object: 'Object Repository/Amazon_LoginWithCode_OR/Page_Authentication required/body_cvf-input-code-container     flex 1  A_edb745' is clicked on

30-01-2024T18:48:30 - [TEST_STEP][PASSED] - setText(findTestObject("Object Repository/Amazon_LoginWithCode_OR/Page_Authentication required/input_code"), "585739"): Text '585739' is set on object 'Object Repository/Amazon_LoginWithCode_OR/Page_Authentication required/input_code'

30-01-2024T18:48:31 - [MESSAGE][PASSED] - Text '585739' is set on object 'Object Repository/Amazon_LoginWithCode_OR/Page_Authentication required/input_code'

30-01-2024T18:48:31 - [TEST_STEP][PASSED] - click(findTestObject("Object Repository/Amazon_LoginWithCode_OR/Page_Authentication required/input_a-button-input")): Object: 'Object Repository/Amazon_LoginWithCode_OR/Page_Authentication required/input_a-button-input' is clicked on

30-01-2024T18:48:32 - [MESSAGE][PASSED] - Object: 'Object Repository/Amazon_LoginWithCode_OR/Page_Authentication required/input_a-button-input' is clicked on

30-01-2024T18:48:32 - [TEST_STEP][PASSED] - closeBrowser(): Browser is closed

30-01-2024T18:48:32 - [MESSAGE][PASSED] - Browser is closed

30-01-2024T18:48:32 - [TEST_STEP][PASSED] - Start listener action : sampleAfterTestCase: Browser is closed

30-01-2024T18:48:32 - [TEST_STEP][PASSED] - closeBrowser(): Browser is closed

30-01-2024T18:48:32 - [MESSAGE][PASSED] - Browser is closed

30-01-2024T18:48:32 - [TEST_STEP][PASSED] - Start listener action : sampleAfterTestCase: null

30-01-2024T18:48:32 - [TEST_STEP][PASSED] - println(testCaseContext.getTestCaseId()): null

30-01-2024T18:48:32 - [TEST_STEP][PASSED] - println(testCaseContext.getTestCaseStatus()): null]]></system-out>
         <system-err><![CDATA[]]></system-err>
      </testcase>
      <system-out><![CDATA[30-01-2024T18:47:47 - [TEST_SUITE][PASSED] - Amazon_TestSuite_LoginWithCode_003: Test Cases/TC_Amazon_LoginWithCode_003]]></system-out>
      <system-err><![CDATA[]]></system-err>
   </testsuite>
   <testsuite name="Amazon_TestSuite_Login_001" tests="1" failures="0" errors="0" time="39.389" skipped="0" timestamp="30-01-2024T18:47:49" hostname="THARANI - DESKTOP-D1AGAN8" id="Test Suites/Amazon_TestSuite/Amazon_TestSuite_Login_001">
      <properties>
         <property name="deviceName" value=""/>
         <property name="devicePlatform" value=""/>
         <property name="logFolder" value="C:\\Users\\THARANI\\git\\SI-GuidedProject-705938-1705903924\\Reports\\20240130_184724\\Amazon_TestSuite\\Amazon_TestSuite_Login_001\\20240130_184727"/>
         <property name="logFiles" value="C:\\Users\\THARANI\\git\\SI-GuidedProject-705938-1705903924\\Reports\\20240130_184724\\Amazon_TestSuite\\Amazon_TestSuite_Login_001\\20240130_184727\\execution0.log"/>
         <property name="attachments" value=""/>
         <property name="hostName" value="THARANI - DESKTOP-D1AGAN8"/>
         <property name="os" value="Windows 11 64bit"/>
         <property name="katalonVersion" value="9.2.0.212"/>
         <property name="browser" value="Chrome 120.0.0.0"/>
         <property name="hostAddress" value="192.168.29.11"/>
         <property name="sessionId" value="d809e2cb0030d84f85460a10369babb5"/>
         <property name="seleniumVersion" value="3.141.59"/>
         <property name="proxyInformation" value="ProxyInformation { proxyOption=NO_PROXY, proxyServerType=HTTP, username=, password=********, proxyServerAddress=, proxyServerPort=0, executionList=&quot;&quot;, isApplyToDesiredCapabilities=true }"/>
         <property name="platform" value="Windows 11"/>
      </properties>
      <testcase name="Test Cases/TC_Amazon_Login_001" time="38.632" classname="Test Cases/TC_Amazon_Login_001" status="PASSED">
         <system-out><![CDATA[30-01-2024T18:47:50 - [TEST_CASE][PASSED] - Test Cases/TC_Amazon_Login_001: Test Cases/TC_Amazon_Login_001

30-01-2024T18:47:50 - [TEST_STEP][PASSED] - Start listener action : sampleBeforeTestCase: Current window maximized

30-01-2024T18:47:50 - [TEST_STEP][PASSED] - openBrowser(""): Browser is opened with url: ''

30-01-2024T18:47:51 - [MESSAGE][INFO] - Starting 'Chrome' driver

30-01-2024T18:47:51 - [MESSAGE][INFO] - Action delay is set to 0 milliseconds

30-01-2024T18:47:57 - [MESSAGE][PASSED] - Browser is opened with url: ''

30-01-2024T18:47:57 - [TEST_STEP][PASSED] - navigateToUrl("https://www.amazon.in/"): Navigate to 'https://www.amazon.in/' successfully

30-01-2024T18:48:05 - [MESSAGE][PASSED] - Navigate to 'https://www.amazon.in/' successfully

30-01-2024T18:48:05 - [TEST_STEP][PASSED] - maximizeWindow(): Current window maximized

30-01-2024T18:48:05 - [MESSAGE][PASSED] - Current window maximized

30-01-2024T18:48:05 - [TEST_STEP][PASSED] - Start listener action : sampleBeforeTestCase: null

30-01-2024T18:48:05 - [TEST_STEP][PASSED] - println(testCaseContext.getTestCaseId()): null

30-01-2024T18:48:05 - [TEST_STEP][PASSED] - println(testCaseContext.getTestCaseVariables()): null

30-01-2024T18:48:05 - [TEST_STEP][PASSED] - openBrowser(""): Browser is opened with url: ''

30-01-2024T18:48:05 - [MESSAGE][WARNING] - A browser is already opened. Closing browser and opening a new one

30-01-2024T18:48:08 - [MESSAGE][INFO] - Starting 'Chrome' driver

30-01-2024T18:48:08 - [MESSAGE][INFO] - Action delay is set to 0 milliseconds

30-01-2024T18:48:12 - [MESSAGE][PASSED] - Browser is opened with url: ''

30-01-2024T18:48:12 - [TEST_STEP][PASSED] - navigateToUrl("https://www.amazon.in/"): Navigate to 'https://www.amazon.in/' successfully

30-01-2024T18:48:18 - [MESSAGE][PASSED] - Navigate to 'https://www.amazon.in/' successfully

30-01-2024T18:48:18 - [TEST_STEP][PASSED] - maximizeWindow(): Current window maximized

30-01-2024T18:48:19 - [MESSAGE][PASSED] - Current window maximized

30-01-2024T18:48:19 - [TEST_STEP][PASSED] - click(findTestObject("Object Repository/Amazon_Login_OR/Page_Online Shopping site in India Shop Onl_10c5f3/span_Sign in")): Object: 'Object Repository/Amazon_Login_OR/Page_Online Shopping site in India Shop Onl_10c5f3/span_Sign in' is clicked on

30-01-2024T18:48:23 - [MESSAGE][PASSED] - Object: 'Object Repository/Amazon_Login_OR/Page_Online Shopping site in India Shop Onl_10c5f3/span_Sign in' is clicked on

30-01-2024T18:48:23 - [TEST_STEP][PASSED] - setText(findTestObject("Object Repository/Amazon_Login_OR/Page_Amazon Sign In/input_email"), "8639326702"): Text '8639326702' is set on object 'Object Repository/Amazon_Login_OR/Page_Amazon Sign In/input_email'

30-01-2024T18:48:25 - [MESSAGE][PASSED] - Text '8639326702' is set on object 'Object Repository/Amazon_Login_OR/Page_Amazon Sign In/input_email'

30-01-2024T18:48:25 - [TEST_STEP][PASSED] - click(findTestObject("Object Repository/Amazon_Login_OR/Page_Amazon Sign In/inputcontinue")): Object: 'Object Repository/Amazon_Login_OR/Page_Amazon Sign In/inputcontinue' is clicked on

30-01-2024T18:48:26 - [MESSAGE][PASSED] - Object: 'Object Repository/Amazon_Login_OR/Page_Amazon Sign In/inputcontinue' is clicked on

30-01-2024T18:48:26 - [TEST_STEP][PASSED] - setEncryptedText(findTestObject("Object Repository/Amazon_Login_OR/Page_Amazon Sign In/input_password"), "yApcPZgl258tA4QLdcldiw=="): Text ****** has been set on object 'Object Repository/Amazon_Login_OR/Page_Amazon Sign In/input_password'

30-01-2024T18:48:28 - [MESSAGE][PASSED] - Text ****** has been set on object 'Object Repository/Amazon_Login_OR/Page_Amazon Sign In/input_password'

30-01-2024T18:48:28 - [TEST_STEP][PASSED] - click(findTestObject("Object Repository/Amazon_Login_OR/Page_Amazon Sign In/inputsignInSubmit")): Object: 'Object Repository/Amazon_Login_OR/Page_Amazon Sign In/inputsignInSubmit' is clicked on

30-01-2024T18:48:28 - [MESSAGE][PASSED] - Object: 'Object Repository/Amazon_Login_OR/Page_Amazon Sign In/inputsignInSubmit' is clicked on

30-01-2024T18:48:28 - [TEST_STEP][PASSED] - closeBrowser(): Browser is closed

30-01-2024T18:48:28 - [MESSAGE][PASSED] - Browser is closed

30-01-2024T18:48:28 - [TEST_STEP][PASSED] - Start listener action : sampleAfterTestCase: Browser is closed

30-01-2024T18:48:28 - [TEST_STEP][PASSED] - closeBrowser(): Browser is closed

30-01-2024T18:48:28 - [MESSAGE][PASSED] - Browser is closed

30-01-2024T18:48:28 - [TEST_STEP][PASSED] - Start listener action : sampleAfterTestCase: null

30-01-2024T18:48:28 - [TEST_STEP][PASSED] - println(testCaseContext.getTestCaseId()): null

30-01-2024T18:48:28 - [TEST_STEP][PASSED] - println(testCaseContext.getTestCaseStatus()): null]]></system-out>
         <system-err><![CDATA[]]></system-err>
      </testcase>
      <system-out><![CDATA[30-01-2024T18:47:49 - [TEST_SUITE][PASSED] - Amazon_TestSuite_Login_001: Test Cases/TC_Amazon_Login_001]]></system-out>
      <system-err><![CDATA[]]></system-err>
   </testsuite>
   <testsuite name="Amazon_TestSuite_NewRegistration_004" tests="1" failures="0" errors="0" time="68.456" skipped="0" timestamp="30-01-2024T18:47:49" hostname="THARANI - DESKTOP-D1AGAN8" id="Test Suites/Amazon_TestSuite/Amazon_TestSuite_NewRegistration_004">
      <properties>
         <property name="deviceName" value=""/>
         <property name="devicePlatform" value=""/>
         <property name="logFolder" value="C:\\Users\\THARANI\\git\\SI-GuidedProject-705938-1705903924\\Reports\\20240130_184724\\Amazon_TestSuite\\Amazon_TestSuite_NewRegistration_004\\20240130_184729"/>
         <property name="logFiles" value="C:\\Users\\THARANI\\git\\SI-GuidedProject-705938-1705903924\\Reports\\20240130_184724\\Amazon_TestSuite\\Amazon_TestSuite_NewRegistration_004\\20240130_184729\\execution0.log"/>
         <property name="attachments" value="C:\\Users\\THARANI\\git\\SI-GuidedProject-705938-1705903924\\Reports\\20240130_184724\\Amazon_TestSuite\\Amazon_TestSuite_NewRegistration_004\\20240130_184729\\1706620723454.png"/>
         <property name="hostName" value="THARANI - DESKTOP-D1AGAN8"/>
         <property name="os" value="Windows 11 64bit"/>
         <property name="katalonVersion" value="9.2.0.212"/>
         <property name="browser" value="Chrome 120.0.0.0"/>
         <property name="hostAddress" value="192.168.29.11"/>
         <property name="sessionId" value="e79ffbf22ed7fc01ec5fe910c4fe8646"/>
         <property name="seleniumVersion" value="3.141.59"/>
         <property name="proxyInformation" value="ProxyInformation { proxyOption=NO_PROXY, proxyServerType=HTTP, username=, password=********, proxyServerAddress=, proxyServerPort=0, executionList=&quot;&quot;, isApplyToDesiredCapabilities=true }"/>
         <property name="platform" value="Windows 11"/>
      </properties>
      <testcase name="Test Cases/TC_Amazon_NewRegistration_004" time="13.458" classname="Test Cases/TC_Amazon_NewRegistration_004" status="PASSED">
         <system-out><![CDATA[30-01-2024T18:48:44 - [TEST_CASE][PASSED] - Test Cases/TC_Amazon_NewRegistration_004: Test Cases/TC_Amazon_NewRegistration_004

30-01-2024T18:48:44 - [TEST_STEP][PASSED] - Start listener action : sampleBeforeTestCase: Current window maximized

30-01-2024T18:48:44 - [TEST_STEP][PASSED] - openBrowser(""): Browser is opened with url: ''

30-01-2024T18:48:44 - [MESSAGE][INFO] - Starting 'Chrome' driver

30-01-2024T18:48:44 - [MESSAGE][INFO] - Action delay is set to 0 milliseconds

30-01-2024T18:48:45 - [MESSAGE][PASSED] - Browser is opened with url: ''

30-01-2024T18:48:45 - [TEST_STEP][PASSED] - navigateToUrl("https://www.amazon.in/"): Navigate to 'https://www.amazon.in/' successfully

30-01-2024T18:48:47 - [MESSAGE][PASSED] - Navigate to 'https://www.amazon.in/' successfully

30-01-2024T18:48:47 - [TEST_STEP][PASSED] - maximizeWindow(): Current window maximized

30-01-2024T18:48:47 - [MESSAGE][PASSED] - Current window maximized

30-01-2024T18:48:47 - [TEST_STEP][PASSED] - Start listener action : sampleBeforeTestCase: null

30-01-2024T18:48:47 - [TEST_STEP][PASSED] - println(testCaseContext.getTestCaseId()): null

30-01-2024T18:48:47 - [TEST_STEP][PASSED] - println(testCaseContext.getTestCaseVariables()): null

30-01-2024T18:48:47 - [TEST_STEP][PASSED] - openBrowser(""): Browser is opened with url: ''

30-01-2024T18:48:47 - [MESSAGE][WARNING] - A browser is already opened. Closing browser and opening a new one

30-01-2024T18:48:48 - [MESSAGE][INFO] - Starting 'Chrome' driver

30-01-2024T18:48:48 - [MESSAGE][INFO] - Action delay is set to 0 milliseconds

30-01-2024T18:48:49 - [MESSAGE][PASSED] - Browser is opened with url: ''

30-01-2024T18:48:49 - [TEST_STEP][PASSED] - navigateToUrl("https://www.amazon.in/"): Navigate to 'https://www.amazon.in/' successfully

30-01-2024T18:48:50 - [MESSAGE][PASSED] - Navigate to 'https://www.amazon.in/' successfully

30-01-2024T18:48:50 - [TEST_STEP][PASSED] - click(findTestObject("Object Repository/Amazon_NewRegistration_OR/Page_Online Shopping site in India Shop Onl_10c5f3/a_Start here")): Object: 'Object Repository/Amazon_NewRegistration_OR/Page_Online Shopping site in India Shop Onl_10c5f3/a_Start here' is clicked on

30-01-2024T18:48:53 - [MESSAGE][PASSED] - Object: 'Object Repository/Amazon_NewRegistration_OR/Page_Online Shopping site in India Shop Onl_10c5f3/a_Start here' is clicked on

30-01-2024T18:48:53 - [TEST_STEP][PASSED] - setText(findTestObject("Object Repository/Amazon_NewRegistration_OR/Page_Amazon Registration/input_customerName"), "tara"): Text 'tara' is set on object 'Object Repository/Amazon_NewRegistration_OR/Page_Amazon Registration/input_customerName'

30-01-2024T18:48:55 - [MESSAGE][PASSED] - Text 'tara' is set on object 'Object Repository/Amazon_NewRegistration_OR/Page_Amazon Registration/input_customerName'

30-01-2024T18:48:55 - [TEST_STEP][PASSED] - setText(findTestObject("Object Repository/Amazon_NewRegistration_OR/Page_Amazon Registration/input_email"), "9440327791"): Text '9440327791' is set on object 'Object Repository/Amazon_NewRegistration_OR/Page_Amazon Registration/input_email'

30-01-2024T18:48:55 - [MESSAGE][PASSED] - Text '9440327791' is set on object 'Object Repository/Amazon_NewRegistration_OR/Page_Amazon Registration/input_email'

30-01-2024T18:48:55 - [TEST_STEP][PASSED] - setEncryptedText(findTestObject("Object Repository/Amazon_NewRegistration_OR/Page_Amazon Registration/input_password"), "yApcPZgl258tA4QLdcldiw=="): Text ****** has been set on object 'Object Repository/Amazon_NewRegistration_OR/Page_Amazon Registration/input_password'

30-01-2024T18:48:56 - [MESSAGE][PASSED] - Text ****** has been set on object 'Object Repository/Amazon_NewRegistration_OR/Page_Amazon Registration/input_password'

30-01-2024T18:48:56 - [TEST_STEP][PASSED] - click(findTestObject("Object Repository/Amazon_NewRegistration_OR/Page_Amazon Registration/inputcontinue")): Object: 'Object Repository/Amazon_NewRegistration_OR/Page_Amazon Registration/inputcontinue' is clicked on

30-01-2024T18:48:57 - [MESSAGE][PASSED] - Object: 'Object Repository/Amazon_NewRegistration_OR/Page_Amazon Registration/inputcontinue' is clicked on

30-01-2024T18:48:57 - [TEST_STEP][PASSED] - closeBrowser(): Browser is closed

30-01-2024T18:48:57 - [MESSAGE][PASSED] - Browser is closed

30-01-2024T18:48:57 - [TEST_STEP][PASSED] - Start listener action : sampleAfterTestCase: Browser is closed

30-01-2024T18:48:57 - [TEST_STEP][PASSED] - closeBrowser(): Browser is closed

30-01-2024T18:48:57 - [MESSAGE][PASSED] - Browser is closed

30-01-2024T18:48:57 - [TEST_STEP][PASSED] - Start listener action : sampleAfterTestCase: null

30-01-2024T18:48:57 - [TEST_STEP][PASSED] - println(testCaseContext.getTestCaseId()): null

30-01-2024T18:48:57 - [TEST_STEP][PASSED] - println(testCaseContext.getTestCaseStatus()): null]]></system-out>
         <system-err><![CDATA[]]></system-err>
      </testcase>
      <system-out><![CDATA[30-01-2024T18:47:49 - [TEST_SUITE][FAILED] - Amazon_TestSuite_NewRegistration_004: Test Cases/TC_Amazon_NewRegistration_004 FAILED.
Reason:
com.kms.katalon.core.exception.StepFailedException: Unable to click on object 'Object Repository/Amazon_NewRegistration_OR/Page_Online Shopping site in India Shop Onl_10c5f3/a_Start here'
	at com.kms.katalon.core.webui.keyword.internal.WebUIKeywordMain.stepFailed(WebUIKeywordMain.groovy:64)
	at com.kms.katalon.core.webui.keyword.internal.WebUIKeywordMain.runKeyword(WebUIKeywordMain.groovy:26)
	at com.kms.katalon.core.webui.keyword.builtin.ClickKeyword.click(ClickKeyword.groovy:74)
	at com.kms.katalon.core.webui.keyword.builtin.ClickKeyword.execute(ClickKeyword.groovy:40)
	at com.kms.katalon.core.keyword.internal.KeywordExecutor.executeKeywordForPlatform(KeywordExecutor.groovy:74)
	at com.kms.katalon.core.webui.keyword.WebUiBuiltInKeywords.click(WebUiBuiltInKeywords.groovy:659)
	at TC_Amazon_NewRegistration_004.run(TC_Amazon_NewRegistration_004:24)
	at com.kms.katalon.core.main.ScriptEngine.run(ScriptEngine.java:194)
	at com.kms.katalon.core.main.ScriptEngine.runScriptAsRawText(ScriptEngine.java:119)
	at com.kms.katalon.core.main.TestCaseExecutor.runScript(TestCaseExecutor.java:448)
	at com.kms.katalon.core.main.TestCaseExecutor.doExecute(TestCaseExecutor.java:439)
	at com.kms.katalon.core.main.TestCaseExecutor.processExecutionPhase(TestCaseExecutor.java:418)
	at com.kms.katalon.core.main.TestCaseExecutor.accessMainPhase(TestCaseExecutor.java:410)
	at com.kms.katalon.core.main.TestCaseExecutor.execute(TestCaseExecutor.java:285)
	at com.kms.katalon.core.common.CommonExecutor.accessTestCaseMainPhase(CommonExecutor.java:65)
	at com.kms.katalon.core.main.TestSuiteExecutor.accessTestSuiteMainPhase(TestSuiteExecutor.java:148)
	at com.kms.katalon.core.main.TestSuiteExecutor.execute(TestSuiteExecutor.java:106)
	at com.kms.katalon.core.main.TestCaseMain.startTestSuite(TestCaseMain.java:180)
	at TempTestSuite1706620649023.run(TempTestSuite1706620649023.groovy:36)
	at java.base/jdk.internal.reflect.NativeMethodAccessorImpl.invoke0(Native Method)
	at java.base/jdk.internal.reflect.NativeMethodAccessorImpl.invoke(NativeMethodAccessorImpl.java:77)
	at java.base/jdk.internal.reflect.DelegatingMethodAccessorImpl.invoke(DelegatingMethodAccessorImpl.java:43)
Caused by: org.openqa.selenium.ElementNotInteractableException: element not interactable
  (Session info: chrome=120.0.6099.225)
Build info: version: '3.141.59', revision: 'e82be7d358', time: '2018-11-14T08:25:53'
System info: host: 'DESKTOP-D1AGAN8', ip: '192.168.29.11', os.name: 'Windows 11', os.arch: 'amd64', os.version: '10.0', java.version: '17.0.7'
Driver info: com.kms.katalon.selenium.driver.CChromeDriver
Capabilities {acceptInsecureCerts: false, browserName: chrome, browserVersion: 120.0.6099.225, chrome: {chromedriverVersion: 120.0.6099.71 (9729082fe617..., userDataDir: C:\Users\THARANI\AppData\Lo...}, fedcm:accounts: true, goog:chromeOptions: {debuggerAddress: localhost:27551}, javascriptEnabled: true, networkConnectionEnabled: false, pageLoadStrategy: normal, platform: WINDOWS, platformName: WINDOWS, proxy: Proxy(), setWindowRect: true, strictFileInteractability: false, timeouts: {implicit: 0, pageLoad: 300000, script: 30000}, unhandledPromptBehavior: dismiss and notify, webauthn:extension:credBlob: true, webauthn:extension:largeBlob: true, webauthn:extension:minPinLength: true, webauthn:extension:prf: true, webauthn:virtualAuthenticators: true}
Session ID: 05ed63ca48b8a11ad4399ca85393db5d
	at java.base/jdk.internal.reflect.NativeConstructorAccessorImpl.newInstance0(Native Method)
	at java.base/jdk.internal.reflect.NativeConstructorAccessorImpl.newInstance(NativeConstructorAccessorImpl.java:77)
	at java.base/jdk.internal.reflect.DelegatingConstructorAccessorImpl.newInstance(DelegatingConstructorAccessorImpl.java:45)
	at org.openqa.selenium.remote.http.W3CHttpResponseCodec.createException(W3CHttpResponseCodec.java:187)
	at org.openqa.selenium.remote.http.W3CHttpResponseCodec.decode(W3CHttpResponseCodec.java:122)
	at org.openqa.selenium.remote.http.W3CHttpResponseCodec.decode(W3CHttpResponseCodec.java:49)
	at org.openqa.selenium.remote.HttpCommandExecutor.execute(HttpCommandExecutor.java:158)
	at org.openqa.selenium.remote.service.DriverCommandExecutor.execute(DriverCommandExecutor.java:83)
	at org.openqa.selenium.remote.RemoteWebDriver.execute(RemoteWebDriver.java:552)
	at com.kms.katalon.selenium.driver.CChromeDriver.execute(CChromeDriver.java:19)
	at org.openqa.selenium.remote.RemoteWebElement.execute(RemoteWebElement.java:285)
	at org.openqa.selenium.remote.RemoteWebElement.click(RemoteWebElement.java:84)
	at java.base/jdk.internal.reflect.NativeMethodAccessorImpl.invoke0(Native Method)
	at java.base/jdk.internal.reflect.NativeMethodAccessorImpl.invoke(NativeMethodAccessorImpl.java:77)
	at java.base/jdk.internal.reflect.DelegatingMethodAccessorImpl.invoke(DelegatingMethodAccessorImpl.java:43)
	at org.openqa.selenium.support.events.EventFiringWebDriver$EventFiringWebElement.lambda$new$0(EventFiringWebDriver.java:404)
	at jdk.proxy2/jdk.proxy2.$Proxy27.click(Unknown Source)
	at org.openqa.selenium.support.events.EventFiringWebDriver$EventFiringWebElement.click(EventFiringWebDriver.java:417)
	at org.openqa.selenium.WebElement$click.call(Unknown Source)
	at com.kms.katalon.core.webui.keyword.builtin.ClickKeyword.clickUntilSuccessWithTimeout(ClickKeyword.groovy:81)
	at com.kms.katalon.core.webui.keyword.builtin.ClickKeyword.clickUntilSuccessWithTimeout(ClickKeyword.groovy)
	at java.base/jdk.internal.reflect.NativeMethodAccessorImpl.invoke0(Native Method)
	at java.base/jdk.internal.reflect.NativeMethodAccessorImpl.invoke(NativeMethodAccessorImpl.java:77)
	at java.base/jdk.internal.reflect.DelegatingMethodAccessorImpl.invoke(DelegatingMethodAccessorImpl.java:43)
	at com.kms.katalon.core.webui.keyword.builtin.ClickKeyword$_click_closure1.doCall(ClickKeyword.groovy:67)
	at com.kms.katalon.core.webui.keyword.builtin.ClickKeyword$_click_closure1.call(ClickKeyword.groovy)
	at com.kms.katalon.core.webui.keyword.internal.WebUIKeywordMain.runKeyword(WebUIKeywordMain.groovy:20)
	... 20 more]]></system-out>
      <system-err><![CDATA[30-01-2024T18:47:49 - [TEST_SUITE][FAILED] - Amazon_TestSuite_NewRegistration_004: Test Cases/TC_Amazon_NewRegistration_004 FAILED.
Reason:
com.kms.katalon.core.exception.StepFailedException: Unable to click on object 'Object Repository/Amazon_NewRegistration_OR/Page_Online Shopping site in India Shop Onl_10c5f3/a_Start here'
	at com.kms.katalon.core.webui.keyword.internal.WebUIKeywordMain.stepFailed(WebUIKeywordMain.groovy:64)
	at com.kms.katalon.core.webui.keyword.internal.WebUIKeywordMain.runKeyword(WebUIKeywordMain.groovy:26)
	at com.kms.katalon.core.webui.keyword.builtin.ClickKeyword.click(ClickKeyword.groovy:74)
	at com.kms.katalon.core.webui.keyword.builtin.ClickKeyword.execute(ClickKeyword.groovy:40)
	at com.kms.katalon.core.keyword.internal.KeywordExecutor.executeKeywordForPlatform(KeywordExecutor.groovy:74)
	at com.kms.katalon.core.webui.keyword.WebUiBuiltInKeywords.click(WebUiBuiltInKeywords.groovy:659)
	at TC_Amazon_NewRegistration_004.run(TC_Amazon_NewRegistration_004:24)
	at com.kms.katalon.core.main.ScriptEngine.run(ScriptEngine.java:194)
	at com.kms.katalon.core.main.ScriptEngine.runScriptAsRawText(ScriptEngine.java:119)
	at com.kms.katalon.core.main.TestCaseExecutor.runScript(TestCaseExecutor.java:448)
	at com.kms.katalon.core.main.TestCaseExecutor.doExecute(TestCaseExecutor.java:439)
	at com.kms.katalon.core.main.TestCaseExecutor.processExecutionPhase(TestCaseExecutor.java:418)
	at com.kms.katalon.core.main.TestCaseExecutor.accessMainPhase(TestCaseExecutor.java:410)
	at com.kms.katalon.core.main.TestCaseExecutor.execute(TestCaseExecutor.java:285)
	at com.kms.katalon.core.common.CommonExecutor.accessTestCaseMainPhase(CommonExecutor.java:65)
	at com.kms.katalon.core.main.TestSuiteExecutor.accessTestSuiteMainPhase(TestSuiteExecutor.java:148)
	at com.kms.katalon.core.main.TestSuiteExecutor.execute(TestSuiteExecutor.java:106)
	at com.kms.katalon.core.main.TestCaseMain.startTestSuite(TestCaseMain.java:180)
	at TempTestSuite1706620649023.run(TempTestSuite1706620649023.groovy:36)
	at java.base/jdk.internal.reflect.NativeMethodAccessorImpl.invoke0(Native Method)
	at java.base/jdk.internal.reflect.NativeMethodAccessorImpl.invoke(NativeMethodAccessorImpl.java:77)
	at java.base/jdk.internal.reflect.DelegatingMethodAccessorImpl.invoke(DelegatingMethodAccessorImpl.java:43)
Caused by: org.openqa.selenium.ElementNotInteractableException: element not interactable
  (Session info: chrome=120.0.6099.225)
Build info: version: '3.141.59', revision: 'e82be7d358', time: '2018-11-14T08:25:53'
System info: host: 'DESKTOP-D1AGAN8', ip: '192.168.29.11', os.name: 'Windows 11', os.arch: 'amd64', os.version: '10.0', java.version: '17.0.7'
Driver info: com.kms.katalon.selenium.driver.CChromeDriver
Capabilities {acceptInsecureCerts: false, browserName: chrome, browserVersion: 120.0.6099.225, chrome: {chromedriverVersion: 120.0.6099.71 (9729082fe617..., userDataDir: C:\Users\THARANI\AppData\Lo...}, fedcm:accounts: true, goog:chromeOptions: {debuggerAddress: localhost:27551}, javascriptEnabled: true, networkConnectionEnabled: false, pageLoadStrategy: normal, platform: WINDOWS, platformName: WINDOWS, proxy: Proxy(), setWindowRect: true, strictFileInteractability: false, timeouts: {implicit: 0, pageLoad: 300000, script: 30000}, unhandledPromptBehavior: dismiss and notify, webauthn:extension:credBlob: true, webauthn:extension:largeBlob: true, webauthn:extension:minPinLength: true, webauthn:extension:prf: true, webauthn:virtualAuthenticators: true}
Session ID: 05ed63ca48b8a11ad4399ca85393db5d
	at java.base/jdk.internal.reflect.NativeConstructorAccessorImpl.newInstance0(Native Method)
	at java.base/jdk.internal.reflect.NativeConstructorAccessorImpl.newInstance(NativeConstructorAccessorImpl.java:77)
	at java.base/jdk.internal.reflect.DelegatingConstructorAccessorImpl.newInstance(DelegatingConstructorAccessorImpl.java:45)
	at org.openqa.selenium.remote.http.W3CHttpResponseCodec.createException(W3CHttpResponseCodec.java:187)
	at org.openqa.selenium.remote.http.W3CHttpResponseCodec.decode(W3CHttpResponseCodec.java:122)
	at org.openqa.selenium.remote.http.W3CHttpResponseCodec.decode(W3CHttpResponseCodec.java:49)
	at org.openqa.selenium.remote.HttpCommandExecutor.execute(HttpCommandExecutor.java:158)
	at org.openqa.selenium.remote.service.DriverCommandExecutor.execute(DriverCommandExecutor.java:83)
	at org.openqa.selenium.remote.RemoteWebDriver.execute(RemoteWebDriver.java:552)
	at com.kms.katalon.selenium.driver.CChromeDriver.execute(CChromeDriver.java:19)
	at org.openqa.selenium.remote.RemoteWebElement.execute(RemoteWebElement.java:285)
	at org.openqa.selenium.remote.RemoteWebElement.click(RemoteWebElement.java:84)
	at java.base/jdk.internal.reflect.NativeMethodAccessorImpl.invoke0(Native Method)
	at java.base/jdk.internal.reflect.NativeMethodAccessorImpl.invoke(NativeMethodAccessorImpl.java:77)
	at java.base/jdk.internal.reflect.DelegatingMethodAccessorImpl.invoke(DelegatingMethodAccessorImpl.java:43)
	at org.openqa.selenium.support.events.EventFiringWebDriver$EventFiringWebElement.lambda$new$0(EventFiringWebDriver.java:404)
	at jdk.proxy2/jdk.proxy2.$Proxy27.click(Unknown Source)
	at org.openqa.selenium.support.events.EventFiringWebDriver$EventFiringWebElement.click(EventFiringWebDriver.java:417)
	at org.openqa.selenium.WebElement$click.call(Unknown Source)
	at com.kms.katalon.core.webui.keyword.builtin.ClickKeyword.clickUntilSuccessWithTimeout(ClickKeyword.groovy:81)
	at com.kms.katalon.core.webui.keyword.builtin.ClickKeyword.clickUntilSuccessWithTimeout(ClickKeyword.groovy)
	at java.base/jdk.internal.reflect.NativeMethodAccessorImpl.invoke0(Native Method)
	at java.base/jdk.internal.reflect.NativeMethodAccessorImpl.invoke(NativeMethodAccessorImpl.java:77)
	at java.base/jdk.internal.reflect.DelegatingMethodAccessorImpl.invoke(DelegatingMethodAccessorImpl.java:43)
	at com.kms.katalon.core.webui.keyword.builtin.ClickKeyword$_click_closure1.doCall(ClickKeyword.groovy:67)
	at com.kms.katalon.core.webui.keyword.builtin.ClickKeyword$_click_closure1.call(ClickKeyword.groovy)
	at com.kms.katalon.core.webui.keyword.internal.WebUIKeywordMain.runKeyword(WebUIKeywordMain.groovy:20)
	... 20 more]]></system-err>
   </testsuite>
   <testsuite name="Amazon_ValidateSearchFieldItem_002" tests="1" failures="0" errors="0" time="96.441" skipped="0" timestamp="30-01-2024T18:47:47" hostname="THARANI - DESKTOP-D1AGAN8" id="Test Suites/Amazon_TestSuite/Amazon_ValidateSearchFieldItem_002">
      <properties>
         <property name="deviceName" value=""/>
         <property name="devicePlatform" value=""/>
         <property name="logFolder" value="C:\\Users\\THARANI\\git\\SI-GuidedProject-705938-1705903924\\Reports\\20240130_184724\\Amazon_TestSuite\\Amazon_ValidateSearchFieldItem_002\\20240130_184731"/>
         <property name="logFiles" value="C:\\Users\\THARANI\\git\\SI-GuidedProject-705938-1705903924\\Reports\\20240130_184724\\Amazon_TestSuite\\Amazon_ValidateSearchFieldItem_002\\20240130_184731\\execution0.log"/>
         <property name="attachments" value=""/>
         <property name="hostName" value="THARANI - DESKTOP-D1AGAN8"/>
         <property name="os" value="Windows 11 64bit"/>
         <property name="katalonVersion" value="9.2.0.212"/>
         <property name="browser" value="Chrome 120.0.0.0"/>
         <property name="hostAddress" value="192.168.29.11"/>
         <property name="sessionId" value="cac7001709a7d2e9cbfdde4d551359ad"/>
         <property name="seleniumVersion" value="3.141.59"/>
         <property name="proxyInformation" value="ProxyInformation { proxyOption=NO_PROXY, proxyServerType=HTTP, username=, password=********, proxyServerAddress=, proxyServerPort=0, executionList=&quot;&quot;, isApplyToDesiredCapabilities=true }"/>
         <property name="platform" value="Windows 11"/>
      </properties>
      <testcase name="Test Cases/TC_Amazon_ValidateSearchFieldITem_002" time="95.739" classname="Test Cases/TC_Amazon_ValidateSearchFieldITem_002" status="PASSED">
         <system-out><![CDATA[30-01-2024T18:47:48 - [TEST_CASE][PASSED] - Test Cases/TC_Amazon_ValidateSearchFieldITem_002: Test Cases/TC_Amazon_ValidateSearchFieldITem_002

30-01-2024T18:47:48 - [TEST_STEP][PASSED] - Start listener action : sampleBeforeTestCase: Current window maximized

30-01-2024T18:47:48 - [TEST_STEP][PASSED] - openBrowser(""): Browser is opened with url: ''

30-01-2024T18:47:49 - [MESSAGE][INFO] - Starting 'Chrome' driver

30-01-2024T18:47:49 - [MESSAGE][INFO] - Action delay is set to 0 milliseconds

30-01-2024T18:47:57 - [MESSAGE][PASSED] - Browser is opened with url: ''

30-01-2024T18:47:57 - [TEST_STEP][PASSED] - navigateToUrl("https://www.amazon.in/"): Navigate to 'https://www.amazon.in/' successfully

30-01-2024T18:48:07 - [MESSAGE][PASSED] - Navigate to 'https://www.amazon.in/' successfully

30-01-2024T18:48:07 - [TEST_STEP][PASSED] - maximizeWindow(): Current window maximized

30-01-2024T18:48:07 - [MESSAGE][PASSED] - Current window maximized

30-01-2024T18:48:07 - [TEST_STEP][PASSED] - Start listener action : sampleBeforeTestCase: null

30-01-2024T18:48:07 - [TEST_STEP][PASSED] - println(testCaseContext.getTestCaseId()): null

30-01-2024T18:48:07 - [TEST_STEP][PASSED] - println(testCaseContext.getTestCaseVariables()): null

30-01-2024T18:48:08 - [TEST_STEP][PASSED] - openBrowser(""): Browser is opened with url: ''

30-01-2024T18:48:08 - [MESSAGE][WARNING] - A browser is already opened. Closing browser and opening a new one

30-01-2024T18:48:08 - [MESSAGE][INFO] - Starting 'Chrome' driver

30-01-2024T18:48:08 - [MESSAGE][INFO] - Action delay is set to 0 milliseconds

30-01-2024T18:48:12 - [MESSAGE][PASSED] - Browser is opened with url: ''

30-01-2024T18:48:12 - [TEST_STEP][PASSED] - navigateToUrl("https://www.amazon.in/"): Navigate to 'https://www.amazon.in/' successfully

30-01-2024T18:48:17 - [MESSAGE][PASSED] - Navigate to 'https://www.amazon.in/' successfully

30-01-2024T18:48:17 - [TEST_STEP][PASSED] - click(findTestObject("Object Repository/Amazon_ValidateSearchFieldItem_OR/Page_Online Shopping site in India Shop Onl_10c5f3/span_Sign in")): Object: 'Object Repository/Amazon_ValidateSearchFieldItem_OR/Page_Online Shopping site in India Shop Onl_10c5f3/span_Sign in' is clicked on

30-01-2024T18:48:27 - [MESSAGE][PASSED] - Object: 'Object Repository/Amazon_ValidateSearchFieldItem_OR/Page_Online Shopping site in India Shop Onl_10c5f3/span_Sign in' is clicked on

30-01-2024T18:48:27 - [TEST_STEP][PASSED] - setText(findTestObject("Object Repository/Amazon_ValidateSearchFieldItem_OR/Page_Amazon Sign In/input_email"), "8639326702"): Text '8639326702' is set on object 'Object Repository/Amazon_ValidateSearchFieldItem_OR/Page_Amazon Sign In/input_email'

30-01-2024T18:48:37 - [MESSAGE][PASSED] - Text '8639326702' is set on object 'Object Repository/Amazon_ValidateSearchFieldItem_OR/Page_Amazon Sign In/input_email'

30-01-2024T18:48:37 - [TEST_STEP][PASSED] - click(findTestObject("Object Repository/Amazon_ValidateSearchFieldItem_OR/Page_Amazon Sign In/inputcontinue")): Object: 'Object Repository/Amazon_ValidateSearchFieldItem_OR/Page_Amazon Sign In/inputcontinue' is clicked on

30-01-2024T18:48:45 - [MESSAGE][PASSED] - Object: 'Object Repository/Amazon_ValidateSearchFieldItem_OR/Page_Amazon Sign In/inputcontinue' is clicked on

30-01-2024T18:48:45 - [TEST_STEP][PASSED] - setEncryptedText(findTestObject("Object Repository/Amazon_ValidateSearchFieldItem_OR/Page_Amazon Sign In/input_password"), "yApcPZgl258tA4QLdcldiw=="): Text ****** has been set on object 'Object Repository/Amazon_ValidateSearchFieldItem_OR/Page_Amazon Sign In/input_password'

30-01-2024T18:48:47 - [MESSAGE][PASSED] - Text ****** has been set on object 'Object Repository/Amazon_ValidateSearchFieldItem_OR/Page_Amazon Sign In/input_password'

30-01-2024T18:48:47 - [TEST_STEP][PASSED] - click(findTestObject("Object Repository/Amazon_ValidateSearchFieldItem_OR/Page_Amazon Sign In/inputsignInSubmit")): Object: 'Object Repository/Amazon_ValidateSearchFieldItem_OR/Page_Amazon Sign In/inputsignInSubmit' is clicked on

30-01-2024T18:48:49 - [MESSAGE][PASSED] - Object: 'Object Repository/Amazon_ValidateSearchFieldItem_OR/Page_Amazon Sign In/inputsignInSubmit' is clicked on

30-01-2024T18:48:49 - [TEST_STEP][PASSED] - selectOptionByValue(findTestObject("Object Repository/Amazon_ValidateSearchFieldItem_OR/Page_Online Shopping site in India Shop Onl_10c5f3/select_All Categories        Alexa Skills  _a62561"), "search-alias=electronics", true): All options with value 'search-alias=electronics' are selected in object 'Object Repository/Amazon_ValidateSearchFieldItem_OR/Page_Online Shopping site in India Shop Onl_10c5f3/select_All Categories        Alexa Skills  _a62561'  using regular expression

30-01-2024T18:49:11 - [MESSAGE][PASSED] - All options with value 'search-alias=electronics' are selected in object 'Object Repository/Amazon_ValidateSearchFieldItem_OR/Page_Online Shopping site in India Shop Onl_10c5f3/select_All Categories        Alexa Skills  _a62561'  using regular expression

30-01-2024T18:49:11 - [TEST_STEP][PASSED] - setText(findTestObject("Object Repository/Amazon_ValidateSearchFieldItem_OR/Page_Online Shopping site in India Shop Onl_10c5f3/input_field-keywords"), "Samsung Galaxys23 ultra"): Text 'Samsung Galaxys23 ultra' is set on object 'Object Repository/Amazon_ValidateSearchFieldItem_OR/Page_Online Shopping site in India Shop Onl_10c5f3/input_field-keywords'

30-01-2024T18:49:13 - [MESSAGE][PASSED] - Text 'Samsung Galaxys23 ultra' is set on object 'Object Repository/Amazon_ValidateSearchFieldItem_OR/Page_Online Shopping site in India Shop Onl_10c5f3/input_field-keywords'

30-01-2024T18:49:13 - [TEST_STEP][PASSED] - click(findTestObject("Object Repository/Amazon_ValidateSearchFieldItem_OR/Page_Online Shopping site in India Shop Onl_10c5f3/inputnav-search-submit-button")): Object: 'Object Repository/Amazon_ValidateSearchFieldItem_OR/Page_Online Shopping site in India Shop Onl_10c5f3/inputnav-search-submit-button' is clicked on

30-01-2024T18:49:22 - [MESSAGE][PASSED] - Object: 'Object Repository/Amazon_ValidateSearchFieldItem_OR/Page_Online Shopping site in India Shop Onl_10c5f3/inputnav-search-submit-button' is clicked on

30-01-2024T18:49:22 - [TEST_STEP][PASSED] - click(findTestObject("Object Repository/Amazon_ValidateSearchFieldItem_OR/Page_Amazon.in  Samsung Galaxys23 ultra/img_s-image")): Object: 'Object Repository/Amazon_ValidateSearchFieldItem_OR/Page_Amazon.in  Samsung Galaxys23 ultra/img_s-image' is clicked on

30-01-2024T18:49:23 - [MESSAGE][PASSED] - Object: 'Object Repository/Amazon_ValidateSearchFieldItem_OR/Page_Amazon.in  Samsung Galaxys23 ultra/img_s-image' is clicked on

30-01-2024T18:49:23 - [TEST_STEP][PASSED] - closeBrowser(): Browser is closed

30-01-2024T18:49:23 - [MESSAGE][PASSED] - Browser is closed

30-01-2024T18:49:23 - [TEST_STEP][PASSED] - Start listener action : sampleAfterTestCase: Browser is closed

30-01-2024T18:49:23 - [TEST_STEP][PASSED] - closeBrowser(): Browser is closed

30-01-2024T18:49:23 - [MESSAGE][PASSED] - Browser is closed

30-01-2024T18:49:23 - [TEST_STEP][PASSED] - Start listener action : sampleAfterTestCase: null

30-01-2024T18:49:23 - [TEST_STEP][PASSED] - println(testCaseContext.getTestCaseId()): null

30-01-2024T18:49:23 - [TEST_STEP][PASSED] - println(testCaseContext.getTestCaseStatus()): null]]></system-out>
         <system-err><![CDATA[]]></system-err>
      </testcase>
      <system-out><![CDATA[30-01-2024T18:47:47 - [TEST_SUITE][PASSED] - Amazon_ValidateSearchFieldItem_002: Test Cases/TC_Amazon_ValidateSearchFieldITem_002]]></system-out>
      <system-err><![CDATA[]]></system-err>
   </testsuite>
   <testsuite name="Amazon_TestSuite_ValidateAmazonPayTranscation_005" tests="1" failures="0" errors="0" time="71.355" skipped="0" timestamp="30-01-2024T18:47:50" hostname="THARANI - DESKTOP-D1AGAN8" id="Test Suites/Amazon_TestSuite/Amazon_TestSuite_ValidateAmazonPayTranscation_005">
      <properties>
         <property name="deviceName" value=""/>
         <property name="devicePlatform" value=""/>
         <property name="logFolder" value="C:\\Users\\THARANI\\git\\SI-GuidedProject-705938-1705903924\\Reports\\20240130_184724\\Amazon_TestSuite\\Amazon_TestSuite_ValidateAmazonPayTranscation_005\\20240130_184733"/>
         <property name="logFiles" value="C:\\Users\\THARANI\\git\\SI-GuidedProject-705938-1705903924\\Reports\\20240130_184724\\Amazon_TestSuite\\Amazon_TestSuite_ValidateAmazonPayTranscation_005\\20240130_184733\\execution0.log"/>
         <property name="attachments" value="C:\\Users\\THARANI\\git\\SI-GuidedProject-705938-1705903924\\Reports\\20240130_184724\\Amazon_TestSuite\\Amazon_TestSuite_ValidateAmazonPayTranscation_005\\20240130_184733\\1706620718144.png"/>
         <property name="hostName" value="THARANI - DESKTOP-D1AGAN8"/>
         <property name="os" value="Windows 11 64bit"/>
         <property name="katalonVersion" value="9.2.0.212"/>
         <property name="browser" value="Chrome 120.0.0.0"/>
         <property name="hostAddress" value="192.168.29.11"/>
         <property name="sessionId" value="4bba76a892b291a93d6e5ad4bceef390"/>
         <property name="seleniumVersion" value="3.141.59"/>
         <property name="proxyInformation" value="ProxyInformation { proxyOption=NO_PROXY, proxyServerType=HTTP, username=, password=********, proxyServerAddress=, proxyServerPort=0, executionList=&quot;&quot;, isApplyToDesiredCapabilities=true }"/>
         <property name="platform" value="Windows 11"/>
      </properties>
      <testcase name="Test Cases/TC_Amazon_ValidateAmazonPayTranscations" time="23.43" classname="Test Cases/TC_Amazon_ValidateAmazonPayTranscations" status="PASSED">
         <system-out><![CDATA[30-01-2024T18:48:38 - [TEST_CASE][PASSED] - Test Cases/TC_Amazon_ValidateAmazonPayTranscations: Test Cases/TC_Amazon_ValidateAmazonPayTranscations

30-01-2024T18:48:38 - [TEST_STEP][PASSED] - Start listener action : sampleBeforeTestCase: Current window maximized

30-01-2024T18:48:38 - [TEST_STEP][PASSED] - openBrowser(""): Browser is opened with url: ''

30-01-2024T18:48:38 - [MESSAGE][INFO] - Starting 'Chrome' driver

30-01-2024T18:48:38 - [MESSAGE][INFO] - Action delay is set to 0 milliseconds

30-01-2024T18:48:39 - [MESSAGE][PASSED] - Browser is opened with url: ''

30-01-2024T18:48:39 - [TEST_STEP][PASSED] - navigateToUrl("https://www.amazon.in/"): Navigate to 'https://www.amazon.in/' successfully

30-01-2024T18:48:41 - [MESSAGE][PASSED] - Navigate to 'https://www.amazon.in/' successfully

30-01-2024T18:48:41 - [TEST_STEP][PASSED] - maximizeWindow(): Current window maximized

30-01-2024T18:48:41 - [MESSAGE][PASSED] - Current window maximized

30-01-2024T18:48:41 - [TEST_STEP][PASSED] - Start listener action : sampleBeforeTestCase: null

30-01-2024T18:48:41 - [TEST_STEP][PASSED] - println(testCaseContext.getTestCaseId()): null

30-01-2024T18:48:41 - [TEST_STEP][PASSED] - println(testCaseContext.getTestCaseVariables()): null

30-01-2024T18:48:41 - [TEST_STEP][PASSED] - openBrowser(""): Browser is opened with url: ''

30-01-2024T18:48:41 - [MESSAGE][WARNING] - A browser is already opened. Closing browser and opening a new one

30-01-2024T18:48:41 - [MESSAGE][INFO] - Starting 'Chrome' driver

30-01-2024T18:48:41 - [MESSAGE][INFO] - Action delay is set to 0 milliseconds

30-01-2024T18:48:42 - [MESSAGE][PASSED] - Browser is opened with url: ''

30-01-2024T18:48:42 - [TEST_STEP][PASSED] - navigateToUrl("https://www.amazon.in/"): Navigate to 'https://www.amazon.in/' successfully

30-01-2024T18:48:44 - [MESSAGE][PASSED] - Navigate to 'https://www.amazon.in/' successfully

30-01-2024T18:48:44 - [TEST_STEP][PASSED] - click(findTestObject("Object Repository/Amazon_ValidateAmazonnPay_Transactions/Page_Online Shopping site in India Shop Onl_10c5f3/span_Sign in")): Object: 'Object Repository/Amazon_ValidateAmazonnPay_Transactions/Page_Online Shopping site in India Shop Onl_10c5f3/span_Sign in' is clicked on

30-01-2024T18:48:47 - [MESSAGE][PASSED] - Object: 'Object Repository/Amazon_ValidateAmazonnPay_Transactions/Page_Online Shopping site in India Shop Onl_10c5f3/span_Sign in' is clicked on

30-01-2024T18:48:47 - [TEST_STEP][PASSED] - setText(findTestObject("Object Repository/Amazon_ValidateAmazonnPay_Transactions/Page_Amazon Sign In/input_email"), "8639326702"): Text '8639326702' is set on object 'Object Repository/Amazon_ValidateAmazonnPay_Transactions/Page_Amazon Sign In/input_email'

30-01-2024T18:48:48 - [MESSAGE][PASSED] - Text '8639326702' is set on object 'Object Repository/Amazon_ValidateAmazonnPay_Transactions/Page_Amazon Sign In/input_email'

30-01-2024T18:48:48 - [TEST_STEP][PASSED] - click(findTestObject("Object Repository/Amazon_ValidateAmazonnPay_Transactions/Page_Amazon Sign In/inputcontinue")): Object: 'Object Repository/Amazon_ValidateAmazonnPay_Transactions/Page_Amazon Sign In/inputcontinue' is clicked on

30-01-2024T18:48:49 - [MESSAGE][PASSED] - Object: 'Object Repository/Amazon_ValidateAmazonnPay_Transactions/Page_Amazon Sign In/inputcontinue' is clicked on

30-01-2024T18:48:49 - [TEST_STEP][PASSED] - setEncryptedText(findTestObject("Object Repository/Amazon_ValidateAmazonnPay_Transactions/Page_Amazon Sign In/input_password"), "yApcPZgl258tA4QLdcldiw=="): Text ****** has been set on object 'Object Repository/Amazon_ValidateAmazonnPay_Transactions/Page_Amazon Sign In/input_password'

30-01-2024T18:48:51 - [MESSAGE][PASSED] - Text ****** has been set on object 'Object Repository/Amazon_ValidateAmazonnPay_Transactions/Page_Amazon Sign In/input_password'

30-01-2024T18:48:51 - [TEST_STEP][PASSED] - click(findTestObject("Object Repository/Amazon_ValidateAmazonnPay_Transactions/Page_Amazon Sign In/inputsignInSubmit")): Object: 'Object Repository/Amazon_ValidateAmazonnPay_Transactions/Page_Amazon Sign In/inputsignInSubmit' is clicked on

30-01-2024T18:48:51 - [MESSAGE][PASSED] - Object: 'Object Repository/Amazon_ValidateAmazonnPay_Transactions/Page_Amazon Sign In/inputsignInSubmit' is clicked on

30-01-2024T18:48:51 - [TEST_STEP][PASSED] - click(findTestObject("Object Repository/Amazon_ValidateAmazonnPay_Transactions/Page_Online Shopping site in India Shop Onl_10c5f3/a_All")): Object: 'Object Repository/Amazon_ValidateAmazonnPay_Transactions/Page_Online Shopping site in India Shop Onl_10c5f3/a_All' is clicked on

30-01-2024T18:48:56 - [MESSAGE][PASSED] - Object: 'Object Repository/Amazon_ValidateAmazonnPay_Transactions/Page_Online Shopping site in India Shop Onl_10c5f3/a_All' is clicked on

30-01-2024T18:48:56 - [TEST_STEP][PASSED] - click(findTestObject("Object Repository/Amazon_ValidateAmazonnPay_Transactions/Page_Online Shopping site in India Shop Onl_10c5f3/a_Amazon Pay")): Object: 'Object Repository/Amazon_ValidateAmazonnPay_Transactions/Page_Online Shopping site in India Shop Onl_10c5f3/a_Amazon Pay' is clicked on

30-01-2024T18:48:58 - [MESSAGE][PASSED] - Object: 'Object Repository/Amazon_ValidateAmazonnPay_Transactions/Page_Online Shopping site in India Shop Onl_10c5f3/a_Amazon Pay' is clicked on

30-01-2024T18:48:58 - [TEST_STEP][PASSED] - click(findTestObject("Object Repository/Amazon_ValidateAmazonnPay_Transactions/Page_Amazon Pay/span_Your Transactions")): Object: 'Object Repository/Amazon_ValidateAmazonnPay_Transactions/Page_Amazon Pay/span_Your Transactions' is clicked on

30-01-2024T18:49:00 - [MESSAGE][PASSED] - Object: 'Object Repository/Amazon_ValidateAmazonnPay_Transactions/Page_Amazon Pay/span_Your Transactions' is clicked on

30-01-2024T18:49:00 - [TEST_STEP][PASSED] - click(findTestObject("Object Repository/Amazon_ValidateAmazonnPay_Transactions/Page_Amazon Pay - Track all your payments, _52a73a/span_All")): Object: 'Object Repository/Amazon_ValidateAmazonnPay_Transactions/Page_Amazon Pay - Track all your payments, _52a73a/span_All' is clicked on

30-01-2024T18:49:01 - [MESSAGE][PASSED] - Object: 'Object Repository/Amazon_ValidateAmazonnPay_Transactions/Page_Amazon Pay - Track all your payments, _52a73a/span_All' is clicked on

30-01-2024T18:49:01 - [TEST_STEP][PASSED] - closeBrowser(): Browser is closed

30-01-2024T18:49:02 - [MESSAGE][PASSED] - Browser is closed

30-01-2024T18:49:02 - [TEST_STEP][PASSED] - Start listener action : sampleAfterTestCase: Browser is closed

30-01-2024T18:49:02 - [TEST_STEP][PASSED] - closeBrowser(): Browser is closed

30-01-2024T18:49:02 - [MESSAGE][PASSED] - Browser is closed

30-01-2024T18:49:02 - [TEST_STEP][PASSED] - Start listener action : sampleAfterTestCase: null

30-01-2024T18:49:02 - [TEST_STEP][PASSED] - println(testCaseContext.getTestCaseId()): null

30-01-2024T18:49:02 - [TEST_STEP][PASSED] - println(testCaseContext.getTestCaseStatus()): null]]></system-out>
         <system-err><![CDATA[]]></system-err>
      </testcase>
      <system-out><![CDATA[30-01-2024T18:47:50 - [TEST_SUITE][FAILED] - Amazon_TestSuite_ValidateAmazonPayTranscation_005: Test Cases/TC_Amazon_ValidateAmazonPayTranscations FAILED.
Reason:
com.kms.katalon.core.exception.StepFailedException: Unable to click on object 'Object Repository/Amazon_ValidateAmazonnPay_Transactions/Page_Online Shopping site in India Shop Onl_10c5f3/a_Amazon Pay'
	at com.kms.katalon.core.webui.keyword.internal.WebUIKeywordMain.stepFailed(WebUIKeywordMain.groovy:64)
	at com.kms.katalon.core.webui.keyword.internal.WebUIKeywordMain.runKeyword(WebUIKeywordMain.groovy:26)
	at com.kms.katalon.core.webui.keyword.builtin.ClickKeyword.click(ClickKeyword.groovy:74)
	at com.kms.katalon.core.webui.keyword.builtin.ClickKeyword.execute(ClickKeyword.groovy:40)
	at com.kms.katalon.core.keyword.internal.KeywordExecutor.executeKeywordForPlatform(KeywordExecutor.groovy:74)
	at com.kms.katalon.core.webui.keyword.WebUiBuiltInKeywords.click(WebUiBuiltInKeywords.groovy:659)
	at TC_Amazon_ValidateAmazonPayTranscations.run(TC_Amazon_ValidateAmazonPayTranscations:38)
	at com.kms.katalon.core.main.ScriptEngine.run(ScriptEngine.java:194)
	at com.kms.katalon.core.main.ScriptEngine.runScriptAsRawText(ScriptEngine.java:119)
	at com.kms.katalon.core.main.TestCaseExecutor.runScript(TestCaseExecutor.java:448)
	at com.kms.katalon.core.main.TestCaseExecutor.doExecute(TestCaseExecutor.java:439)
	at com.kms.katalon.core.main.TestCaseExecutor.processExecutionPhase(TestCaseExecutor.java:418)
	at com.kms.katalon.core.main.TestCaseExecutor.accessMainPhase(TestCaseExecutor.java:410)
	at com.kms.katalon.core.main.TestCaseExecutor.execute(TestCaseExecutor.java:285)
	at com.kms.katalon.core.common.CommonExecutor.accessTestCaseMainPhase(CommonExecutor.java:65)
	at com.kms.katalon.core.main.TestSuiteExecutor.accessTestSuiteMainPhase(TestSuiteExecutor.java:148)
	at com.kms.katalon.core.main.TestSuiteExecutor.execute(TestSuiteExecutor.java:106)
	at com.kms.katalon.core.main.TestCaseMain.startTestSuite(TestCaseMain.java:180)
	at TempTestSuite1706620653832.run(TempTestSuite1706620653832.groovy:36)
	at java.base/jdk.internal.reflect.NativeMethodAccessorImpl.invoke0(Native Method)
	at java.base/jdk.internal.reflect.NativeMethodAccessorImpl.invoke(NativeMethodAccessorImpl.java:77)
	at java.base/jdk.internal.reflect.DelegatingMethodAccessorImpl.invoke(DelegatingMethodAccessorImpl.java:43)
Caused by: org.openqa.selenium.ElementNotInteractableException: element not interactable
  (Session info: chrome=120.0.6099.225)
Build info: version: '3.141.59', revision: 'e82be7d358', time: '2018-11-14T08:25:53'
System info: host: 'DESKTOP-D1AGAN8', ip: '192.168.29.11', os.name: 'Windows 11', os.arch: 'amd64', os.version: '10.0', java.version: '17.0.7'
Driver info: com.kms.katalon.selenium.driver.CChromeDriver
Capabilities {acceptInsecureCerts: false, browserName: chrome, browserVersion: 120.0.6099.225, chrome: {chromedriverVersion: 120.0.6099.71 (9729082fe617..., userDataDir: C:\Users\THARANI\AppData\Lo...}, fedcm:accounts: true, goog:chromeOptions: {debuggerAddress: localhost:27800}, javascriptEnabled: true, networkConnectionEnabled: false, pageLoadStrategy: normal, platform: WINDOWS, platformName: WINDOWS, proxy: Proxy(), setWindowRect: true, strictFileInteractability: false, timeouts: {implicit: 0, pageLoad: 300000, script: 30000}, unhandledPromptBehavior: dismiss and notify, webauthn:extension:credBlob: true, webauthn:extension:largeBlob: true, webauthn:extension:minPinLength: true, webauthn:extension:prf: true, webauthn:virtualAuthenticators: true}
Session ID: 3fdcfbbdd554f4640f479ea1d99845c8
	at java.base/jdk.internal.reflect.NativeConstructorAccessorImpl.newInstance0(Native Method)
	at java.base/jdk.internal.reflect.NativeConstructorAccessorImpl.newInstance(NativeConstructorAccessorImpl.java:77)
	at java.base/jdk.internal.reflect.DelegatingConstructorAccessorImpl.newInstance(DelegatingConstructorAccessorImpl.java:45)
	at org.openqa.selenium.remote.http.W3CHttpResponseCodec.createException(W3CHttpResponseCodec.java:187)
	at org.openqa.selenium.remote.http.W3CHttpResponseCodec.decode(W3CHttpResponseCodec.java:122)
	at org.openqa.selenium.remote.http.W3CHttpResponseCodec.decode(W3CHttpResponseCodec.java:49)
	at org.openqa.selenium.remote.HttpCommandExecutor.execute(HttpCommandExecutor.java:158)
	at org.openqa.selenium.remote.service.DriverCommandExecutor.execute(DriverCommandExecutor.java:83)
	at org.openqa.selenium.remote.RemoteWebDriver.execute(RemoteWebDriver.java:552)
	at com.kms.katalon.selenium.driver.CChromeDriver.execute(CChromeDriver.java:19)
	at org.openqa.selenium.remote.RemoteWebElement.execute(RemoteWebElement.java:285)
	at org.openqa.selenium.remote.RemoteWebElement.click(RemoteWebElement.java:84)
	at java.base/jdk.internal.reflect.NativeMethodAccessorImpl.invoke0(Native Method)
	at java.base/jdk.internal.reflect.NativeMethodAccessorImpl.invoke(NativeMethodAccessorImpl.java:77)
	at java.base/jdk.internal.reflect.DelegatingMethodAccessorImpl.invoke(DelegatingMethodAccessorImpl.java:43)
	at org.openqa.selenium.support.events.EventFiringWebDriver$EventFiringWebElement.lambda$new$0(EventFiringWebDriver.java:404)
	at jdk.proxy2/jdk.proxy2.$Proxy27.click(Unknown Source)
	at org.openqa.selenium.support.events.EventFiringWebDriver$EventFiringWebElement.click(EventFiringWebDriver.java:417)
	at org.openqa.selenium.WebElement$click.call(Unknown Source)
	at com.kms.katalon.core.webui.keyword.builtin.ClickKeyword.clickUntilSuccessWithTimeout(ClickKeyword.groovy:81)
	at com.kms.katalon.core.webui.keyword.builtin.ClickKeyword.clickUntilSuccessWithTimeout(ClickKeyword.groovy)
	at java.base/jdk.internal.reflect.NativeMethodAccessorImpl.invoke0(Native Method)
	at java.base/jdk.internal.reflect.NativeMethodAccessorImpl.invoke(NativeMethodAccessorImpl.java:77)
	at java.base/jdk.internal.reflect.DelegatingMethodAccessorImpl.invoke(DelegatingMethodAccessorImpl.java:43)
	at com.kms.katalon.core.webui.keyword.builtin.ClickKeyword$_click_closure1.doCall(ClickKeyword.groovy:67)
	at com.kms.katalon.core.webui.keyword.builtin.ClickKeyword$_click_closure1.call(ClickKeyword.groovy)
	at com.kms.katalon.core.webui.keyword.internal.WebUIKeywordMain.runKeyword(WebUIKeywordMain.groovy:20)
	... 20 more]]></system-out>
      <system-err><![CDATA[30-01-2024T18:47:50 - [TEST_SUITE][FAILED] - Amazon_TestSuite_ValidateAmazonPayTranscation_005: Test Cases/TC_Amazon_ValidateAmazonPayTranscations FAILED.
Reason:
com.kms.katalon.core.exception.StepFailedException: Unable to click on object 'Object Repository/Amazon_ValidateAmazonnPay_Transactions/Page_Online Shopping site in India Shop Onl_10c5f3/a_Amazon Pay'
	at com.kms.katalon.core.webui.keyword.internal.WebUIKeywordMain.stepFailed(WebUIKeywordMain.groovy:64)
	at com.kms.katalon.core.webui.keyword.internal.WebUIKeywordMain.runKeyword(WebUIKeywordMain.groovy:26)
	at com.kms.katalon.core.webui.keyword.builtin.ClickKeyword.click(ClickKeyword.groovy:74)
	at com.kms.katalon.core.webui.keyword.builtin.ClickKeyword.execute(ClickKeyword.groovy:40)
	at com.kms.katalon.core.keyword.internal.KeywordExecutor.executeKeywordForPlatform(KeywordExecutor.groovy:74)
	at com.kms.katalon.core.webui.keyword.WebUiBuiltInKeywords.click(WebUiBuiltInKeywords.groovy:659)
	at TC_Amazon_ValidateAmazonPayTranscations.run(TC_Amazon_ValidateAmazonPayTranscations:38)
	at com.kms.katalon.core.main.ScriptEngine.run(ScriptEngine.java:194)
	at com.kms.katalon.core.main.ScriptEngine.runScriptAsRawText(ScriptEngine.java:119)
	at com.kms.katalon.core.main.TestCaseExecutor.runScript(TestCaseExecutor.java:448)
	at com.kms.katalon.core.main.TestCaseExecutor.doExecute(TestCaseExecutor.java:439)
	at com.kms.katalon.core.main.TestCaseExecutor.processExecutionPhase(TestCaseExecutor.java:418)
	at com.kms.katalon.core.main.TestCaseExecutor.accessMainPhase(TestCaseExecutor.java:410)
	at com.kms.katalon.core.main.TestCaseExecutor.execute(TestCaseExecutor.java:285)
	at com.kms.katalon.core.common.CommonExecutor.accessTestCaseMainPhase(CommonExecutor.java:65)
	at com.kms.katalon.core.main.TestSuiteExecutor.accessTestSuiteMainPhase(TestSuiteExecutor.java:148)
	at com.kms.katalon.core.main.TestSuiteExecutor.execute(TestSuiteExecutor.java:106)
	at com.kms.katalon.core.main.TestCaseMain.startTestSuite(TestCaseMain.java:180)
	at TempTestSuite1706620653832.run(TempTestSuite1706620653832.groovy:36)
	at java.base/jdk.internal.reflect.NativeMethodAccessorImpl.invoke0(Native Method)
	at java.base/jdk.internal.reflect.NativeMethodAccessorImpl.invoke(NativeMethodAccessorImpl.java:77)
	at java.base/jdk.internal.reflect.DelegatingMethodAccessorImpl.invoke(DelegatingMethodAccessorImpl.java:43)
Caused by: org.openqa.selenium.ElementNotInteractableException: element not interactable
  (Session info: chrome=120.0.6099.225)
Build info: version: '3.141.59', revision: 'e82be7d358', time: '2018-11-14T08:25:53'
System info: host: 'DESKTOP-D1AGAN8', ip: '192.168.29.11', os.name: 'Windows 11', os.arch: 'amd64', os.version: '10.0', java.version: '17.0.7'
Driver info: com.kms.katalon.selenium.driver.CChromeDriver
Capabilities {acceptInsecureCerts: false, browserName: chrome, browserVersion: 120.0.6099.225, chrome: {chromedriverVersion: 120.0.6099.71 (9729082fe617..., userDataDir: C:\Users\THARANI\AppData\Lo...}, fedcm:accounts: true, goog:chromeOptions: {debuggerAddress: localhost:27800}, javascriptEnabled: true, networkConnectionEnabled: false, pageLoadStrategy: normal, platform: WINDOWS, platformName: WINDOWS, proxy: Proxy(), setWindowRect: true, strictFileInteractability: false, timeouts: {implicit: 0, pageLoad: 300000, script: 30000}, unhandledPromptBehavior: dismiss and notify, webauthn:extension:credBlob: true, webauthn:extension:largeBlob: true, webauthn:extension:minPinLength: true, webauthn:extension:prf: true, webauthn:virtualAuthenticators: true}
Session ID: 3fdcfbbdd554f4640f479ea1d99845c8
	at java.base/jdk.internal.reflect.NativeConstructorAccessorImpl.newInstance0(Native Method)
	at java.base/jdk.internal.reflect.NativeConstructorAccessorImpl.newInstance(NativeConstructorAccessorImpl.java:77)
	at java.base/jdk.internal.reflect.DelegatingConstructorAccessorImpl.newInstance(DelegatingConstructorAccessorImpl.java:45)
	at org.openqa.selenium.remote.http.W3CHttpResponseCodec.createException(W3CHttpResponseCodec.java:187)
	at org.openqa.selenium.remote.http.W3CHttpResponseCodec.decode(W3CHttpResponseCodec.java:122)
	at org.openqa.selenium.remote.http.W3CHttpResponseCodec.decode(W3CHttpResponseCodec.java:49)
	at org.openqa.selenium.remote.HttpCommandExecutor.execute(HttpCommandExecutor.java:158)
	at org.openqa.selenium.remote.service.DriverCommandExecutor.execute(DriverCommandExecutor.java:83)
	at org.openqa.selenium.remote.RemoteWebDriver.execute(RemoteWebDriver.java:552)
	at com.kms.katalon.selenium.driver.CChromeDriver.execute(CChromeDriver.java:19)
	at org.openqa.selenium.remote.RemoteWebElement.execute(RemoteWebElement.java:285)
	at org.openqa.selenium.remote.RemoteWebElement.click(RemoteWebElement.java:84)
	at java.base/jdk.internal.reflect.NativeMethodAccessorImpl.invoke0(Native Method)
	at java.base/jdk.internal.reflect.NativeMethodAccessorImpl.invoke(NativeMethodAccessorImpl.java:77)
	at java.base/jdk.internal.reflect.DelegatingMethodAccessorImpl.invoke(DelegatingMethodAccessorImpl.java:43)
	at org.openqa.selenium.support.events.EventFiringWebDriver$EventFiringWebElement.lambda$new$0(EventFiringWebDriver.java:404)
	at jdk.proxy2/jdk.proxy2.$Proxy27.click(Unknown Source)
	at org.openqa.selenium.support.events.EventFiringWebDriver$EventFiringWebElement.click(EventFiringWebDriver.java:417)
	at org.openqa.selenium.WebElement$click.call(Unknown Source)
	at com.kms.katalon.core.webui.keyword.builtin.ClickKeyword.clickUntilSuccessWithTimeout(ClickKeyword.groovy:81)
	at com.kms.katalon.core.webui.keyword.builtin.ClickKeyword.clickUntilSuccessWithTimeout(ClickKeyword.groovy)
	at java.base/jdk.internal.reflect.NativeMethodAccessorImpl.invoke0(Native Method)
	at java.base/jdk.internal.reflect.NativeMethodAccessorImpl.invoke(NativeMethodAccessorImpl.java:77)
	at java.base/jdk.internal.reflect.DelegatingMethodAccessorImpl.invoke(DelegatingMethodAccessorImpl.java:43)
	at com.kms.katalon.core.webui.keyword.builtin.ClickKeyword$_click_closure1.doCall(ClickKeyword.groovy:67)
	at com.kms.katalon.core.webui.keyword.builtin.ClickKeyword$_click_closure1.call(ClickKeyword.groovy)
	at com.kms.katalon.core.webui.keyword.internal.WebUIKeywordMain.runKeyword(WebUIKeywordMain.groovy:20)
	... 20 more]]></system-err>
   </testsuite>
</testsuites>
