<?xml version="1.0" encoding="UTF-8"?>
<testsuites name="Amazon_TestSuite_LoginWithCode_003" time="56.179" tests="1" failures="0" errors="0">
   <testsuite name="Amazon_TestSuite_LoginWithCode_003" tests="1" failures="0" errors="0" time="56.179" skipped="0" timestamp="29-01-2024T20:59:34" hostname="THARANI - DESKTOP-D1AGAN8" id="Test Suites/Amazon_TestSuite/Amazon_TestSuite_LoginWithCode_003">
      <properties>
         <property name="deviceName" value=""/>
         <property name="devicePlatform" value=""/>
         <property name="logFolder" value="C:\\Users\\THARANI\\git\\SI-GuidedProject-705938-1705903924\\Reports\\20240129_205842\\Amazon_TestSuite\\Amazon_TestSuite_LoginWithCode_003\\20240129_205853"/>
         <property name="logFiles" value="C:\\Users\\THARANI\\git\\SI-GuidedProject-705938-1705903924\\Reports\\20240129_205842\\Amazon_TestSuite\\Amazon_TestSuite_LoginWithCode_003\\20240129_205853\\execution0.log"/>
         <property name="attachments" value="C:\\Users\\THARANI\\git\\SI-GuidedProject-705938-1705903924\\Reports\\20240129_205842\\Amazon_TestSuite\\Amazon_TestSuite_LoginWithCode_003\\20240129_205853\\1706542202543.png"/>
         <property name="hostName" value="THARANI - DESKTOP-D1AGAN8"/>
         <property name="os" value="Windows 11 64bit"/>
         <property name="katalonVersion" value="9.2.0.212"/>
         <property name="browser" value="Chrome 120.0.0.0"/>
         <property name="hostAddress" value="192.168.56.1"/>
         <property name="sessionId" value="46612b6b3c0d8523cd2f369ff985d807"/>
         <property name="seleniumVersion" value="3.141.59"/>
         <property name="proxyInformation" value="ProxyInformation { proxyOption=NO_PROXY, proxyServerType=HTTP, username=, password=********, proxyServerAddress=, proxyServerPort=0, executionList=&quot;&quot;, isApplyToDesiredCapabilities=true }"/>
         <property name="platform" value="Windows 11"/>
      </properties>
      <testcase name="Test Cases/TC_Amazon_LoginWithCode_003" time="27.025" classname="Test Cases/TC_Amazon_LoginWithCode_003" status="PASSED">
         <system-out><![CDATA[29-01-2024T21:00:03 - [TEST_CASE][PASSED] - Test Cases/TC_Amazon_LoginWithCode_003: Test Cases/TC_Amazon_LoginWithCode_003

29-01-2024T21:00:03 - [TEST_STEP][PASSED] - openBrowser(""): Browser is opened with url: ''

29-01-2024T21:00:03 - [MESSAGE][WARNING] - A browser is already opened. Closing browser and opening a new one

29-01-2024T21:00:05 - [MESSAGE][INFO] - Starting 'Chrome' driver

29-01-2024T21:00:05 - [MESSAGE][INFO] - Action delay is set to 0 milliseconds

29-01-2024T21:00:07 - [MESSAGE][PASSED] - Browser is opened with url: ''

29-01-2024T21:00:07 - [TEST_STEP][PASSED] - navigateToUrl("https://www.amazon.in/"): Navigate to 'https://www.amazon.in/' successfully

29-01-2024T21:00:15 - [MESSAGE][PASSED] - Navigate to 'https://www.amazon.in/' successfully

29-01-2024T21:00:15 - [TEST_STEP][PASSED] - click(findTestObject("Object Repository/Amazon_LoginWithCode_OR/Page_Online Shopping site in India Shop Onl_10c5f3/span_Sign in")): Object: 'Object Repository/Amazon_LoginWithCode_OR/Page_Online Shopping site in India Shop Onl_10c5f3/span_Sign in' is clicked on

29-01-2024T21:00:20 - [MESSAGE][PASSED] - Object: 'Object Repository/Amazon_LoginWithCode_OR/Page_Online Shopping site in India Shop Onl_10c5f3/span_Sign in' is clicked on

29-01-2024T21:00:20 - [TEST_STEP][PASSED] - setText(findTestObject("Object Repository/Amazon_LoginWithCode_OR/Page_Amazon Sign In/input_email"), "8639326702"): Text '8639326702' is set on object 'Object Repository/Amazon_LoginWithCode_OR/Page_Amazon Sign In/input_email'

29-01-2024T21:00:23 - [MESSAGE][PASSED] - Text '8639326702' is set on object 'Object Repository/Amazon_LoginWithCode_OR/Page_Amazon Sign In/input_email'

29-01-2024T21:00:23 - [TEST_STEP][PASSED] - click(findTestObject("Object Repository/Amazon_LoginWithCode_OR/Page_Amazon Sign In/inputcontinue")): Object: 'Object Repository/Amazon_LoginWithCode_OR/Page_Amazon Sign In/inputcontinue' is clicked on

29-01-2024T21:00:25 - [MESSAGE][PASSED] - Object: 'Object Repository/Amazon_LoginWithCode_OR/Page_Amazon Sign In/inputcontinue' is clicked on

29-01-2024T21:00:25 - [TEST_STEP][PASSED] - click(findTestObject("Object Repository/Amazon_LoginWithCode_OR/Page_Amazon Sign In/inputcontinue")): Object: 'Object Repository/Amazon_LoginWithCode_OR/Page_Amazon Sign In/inputcontinue' is clicked on

29-01-2024T21:00:27 - [MESSAGE][PASSED] - Object: 'Object Repository/Amazon_LoginWithCode_OR/Page_Amazon Sign In/inputcontinue' is clicked on

29-01-2024T21:00:27 - [TEST_STEP][PASSED] - click(findTestObject("Object Repository/Amazon_LoginWithCode_OR/Page_Authentication required/body_cvf-input-code-container     flex 1  A_edb745")): Object: 'Object Repository/Amazon_LoginWithCode_OR/Page_Authentication required/body_cvf-input-code-container     flex 1  A_edb745' is clicked on

29-01-2024T21:00:28 - [MESSAGE][PASSED] - Object: 'Object Repository/Amazon_LoginWithCode_OR/Page_Authentication required/body_cvf-input-code-container     flex 1  A_edb745' is clicked on

29-01-2024T21:00:28 - [TEST_STEP][PASSED] - setText(findTestObject("Object Repository/Amazon_LoginWithCode_OR/Page_Authentication required/input_code"), "585739"): Text '585739' is set on object 'Object Repository/Amazon_LoginWithCode_OR/Page_Authentication required/input_code'

29-01-2024T21:00:28 - [MESSAGE][PASSED] - Text '585739' is set on object 'Object Repository/Amazon_LoginWithCode_OR/Page_Authentication required/input_code'

29-01-2024T21:00:28 - [TEST_STEP][PASSED] - click(findTestObject("Object Repository/Amazon_LoginWithCode_OR/Page_Authentication required/input_a-button-input")): Object: 'Object Repository/Amazon_LoginWithCode_OR/Page_Authentication required/input_a-button-input' is clicked on

29-01-2024T21:00:30 - [MESSAGE][PASSED] - Object: 'Object Repository/Amazon_LoginWithCode_OR/Page_Authentication required/input_a-button-input' is clicked on

29-01-2024T21:00:30 - [TEST_STEP][PASSED] - closeBrowser(): Browser is closed

29-01-2024T21:00:30 - [MESSAGE][PASSED] - Browser is closed]]></system-out>
         <system-err><![CDATA[]]></system-err>
      </testcase>
      <system-out><![CDATA[29-01-2024T20:59:34 - [TEST_SUITE][FAILED] - Amazon_TestSuite_LoginWithCode_003: Test Cases/TC_Amazon_LoginWithCode_003 FAILED.
Reason:
com.kms.katalon.core.exception.StepFailedException: Unable to click on object 'Object Repository/Amazon_LoginWithCode_OR/Page_Online Shopping site in India Shop Onl_10c5f3/span_Sign in'
	at com.kms.katalon.core.webui.keyword.internal.WebUIKeywordMain.stepFailed(WebUIKeywordMain.groovy:64)
	at com.kms.katalon.core.webui.keyword.internal.WebUIKeywordMain.runKeyword(WebUIKeywordMain.groovy:26)
	at com.kms.katalon.core.webui.keyword.builtin.ClickKeyword.click(ClickKeyword.groovy:74)
	at com.kms.katalon.core.webui.keyword.builtin.ClickKeyword.execute(ClickKeyword.groovy:40)
	at com.kms.katalon.core.keyword.internal.KeywordExecutor.executeKeywordForPlatform(KeywordExecutor.groovy:74)
	at com.kms.katalon.core.webui.keyword.WebUiBuiltInKeywords.click(WebUiBuiltInKeywords.groovy:659)
	at TC_Amazon_LoginWithCode_003.run(TC_Amazon_LoginWithCode_003:24)
	at com.kms.katalon.core.main.ScriptEngine.run(ScriptEngine.java:194)
	at com.kms.katalon.core.main.ScriptEngine.runScriptAsRawText(ScriptEngine.java:119)
	at com.kms.katalon.core.main.TestCaseExecutor.runScript(TestCaseExecutor.java:448)
	at com.kms.katalon.core.main.TestCaseExecutor.doExecute(TestCaseExecutor.java:439)
	at com.kms.katalon.core.main.TestCaseExecutor.processExecutionPhase(TestCaseExecutor.java:418)
	at com.kms.katalon.core.main.TestCaseExecutor.accessMainPhase(TestCaseExecutor.java:410)
	at com.kms.katalon.core.main.TestCaseExecutor.execute(TestCaseExecutor.java:285)
	at com.kms.katalon.core.common.CommonExecutor.accessTestCaseMainPhase(CommonExecutor.java:65)
	at com.kms.katalon.core.main.TestSuiteExecutor.accessTestSuiteMainPhase(TestSuiteExecutor.java:148)
	at com.kms.katalon.core.main.TestSuiteExecutor.execute(TestSuiteExecutor.java:106)
	at com.kms.katalon.core.main.TestCaseMain.startTestSuite(TestCaseMain.java:180)
	at TempTestSuite1706542133824.run(TempTestSuite1706542133824.groovy:36)
	at java.base/jdk.internal.reflect.NativeMethodAccessorImpl.invoke0(Native Method)
	at java.base/jdk.internal.reflect.NativeMethodAccessorImpl.invoke(NativeMethodAccessorImpl.java:77)
	at java.base/jdk.internal.reflect.DelegatingMethodAccessorImpl.invoke(DelegatingMethodAccessorImpl.java:43)
Caused by: org.openqa.selenium.ElementNotInteractableException: element not interactable
  (Session info: chrome=120.0.6099.225)
Build info: version: '3.141.59', revision: 'e82be7d358', time: '2018-11-14T08:25:53'
System info: host: 'DESKTOP-D1AGAN8', ip: '192.168.56.1', os.name: 'Windows 11', os.arch: 'amd64', os.version: '10.0', java.version: '17.0.7'
Driver info: com.kms.katalon.selenium.driver.CChromeDriver
Capabilities {acceptInsecureCerts: false, browserName: chrome, browserVersion: 120.0.6099.225, chrome: {chromedriverVersion: 120.0.6099.71 (9729082fe617..., userDataDir: C:\Users\THARANI\AppData\Lo...}, fedcm:accounts: true, goog:chromeOptions: {debuggerAddress: localhost:37534}, javascriptEnabled: true, networkConnectionEnabled: false, pageLoadStrategy: normal, platform: WINDOWS, platformName: WINDOWS, proxy: Proxy(), setWindowRect: true, strictFileInteractability: false, timeouts: {implicit: 0, pageLoad: 300000, script: 30000}, unhandledPromptBehavior: dismiss and notify, webauthn:extension:credBlob: true, webauthn:extension:largeBlob: true, webauthn:extension:minPinLength: true, webauthn:extension:prf: true, webauthn:virtualAuthenticators: true}
Session ID: 032dac34ead115861704d8d5dc9be0ae
	at java.base/jdk.internal.reflect.NativeConstructorAccessorImpl.newInstance0(Native Method)
	at java.base/jdk.internal.reflect.NativeConstructorAccessorImpl.newInstance(NativeConstructorAccessorImpl.java:77)
	at java.base/jdk.internal.reflect.DelegatingConstructorAccessorImpl.newInstance(DelegatingConstructorAccessorImpl.java:45)
	at org.openqa.selenium.remote.http.W3CHttpResponseCodec.createException(W3CHttpResponseCodec.java:187)
	at org.openqa.selenium.remote.http.W3CHttpResponseCodec.decode(W3CHttpResponseCodec.java:122)
	at org.openqa.selenium.remote.http.W3CHttpResponseCodec.decode(W3CHttpResponseCodec.java:49)
	at org.openqa.selenium.remote.HttpCommandExecutor.execute(HttpCommandExecutor.java:158)
	at org.openqa.selenium.remote.service.DriverCommandExecutor.execute(DriverCommandExecutor.java:83)
	at org.openqa.selenium.remote.RemoteWebDriver.execute(RemoteWebDriver.java:552)
	at com.kms.katalon.selenium.driver.CChromeDriver.execute(CChromeDriver.java:19)
	at org.openqa.selenium.remote.RemoteWebElement.execute(RemoteWebElement.java:285)
	at org.openqa.selenium.remote.RemoteWebElement.click(RemoteWebElement.java:84)
	at java.base/jdk.internal.reflect.NativeMethodAccessorImpl.invoke0(Native Method)
	at java.base/jdk.internal.reflect.NativeMethodAccessorImpl.invoke(NativeMethodAccessorImpl.java:77)
	at java.base/jdk.internal.reflect.DelegatingMethodAccessorImpl.invoke(DelegatingMethodAccessorImpl.java:43)
	at org.openqa.selenium.support.events.EventFiringWebDriver$EventFiringWebElement.lambda$new$0(EventFiringWebDriver.java:404)
	at jdk.proxy2/jdk.proxy2.$Proxy24.click(Unknown Source)
	at org.openqa.selenium.support.events.EventFiringWebDriver$EventFiringWebElement.click(EventFiringWebDriver.java:417)
	at org.openqa.selenium.WebElement$click.call(Unknown Source)
	at com.kms.katalon.core.webui.keyword.builtin.ClickKeyword.clickUntilSuccessWithTimeout(ClickKeyword.groovy:81)
	at com.kms.katalon.core.webui.keyword.builtin.ClickKeyword.clickUntilSuccessWithTimeout(ClickKeyword.groovy)
	at java.base/jdk.internal.reflect.NativeMethodAccessorImpl.invoke0(Native Method)
	at java.base/jdk.internal.reflect.NativeMethodAccessorImpl.invoke(NativeMethodAccessorImpl.java:77)
	at java.base/jdk.internal.reflect.DelegatingMethodAccessorImpl.invoke(DelegatingMethodAccessorImpl.java:43)
	at com.kms.katalon.core.webui.keyword.builtin.ClickKeyword$_click_closure1.doCall(ClickKeyword.groovy:67)
	at com.kms.katalon.core.webui.keyword.builtin.ClickKeyword$_click_closure1.call(ClickKeyword.groovy)
	at com.kms.katalon.core.webui.keyword.internal.WebUIKeywordMain.runKeyword(WebUIKeywordMain.groovy:20)
	... 20 more]]></system-out>
      <system-err><![CDATA[29-01-2024T20:59:34 - [TEST_SUITE][FAILED] - Amazon_TestSuite_LoginWithCode_003: Test Cases/TC_Amazon_LoginWithCode_003 FAILED.
Reason:
com.kms.katalon.core.exception.StepFailedException: Unable to click on object 'Object Repository/Amazon_LoginWithCode_OR/Page_Online Shopping site in India Shop Onl_10c5f3/span_Sign in'
	at com.kms.katalon.core.webui.keyword.internal.WebUIKeywordMain.stepFailed(WebUIKeywordMain.groovy:64)
	at com.kms.katalon.core.webui.keyword.internal.WebUIKeywordMain.runKeyword(WebUIKeywordMain.groovy:26)
	at com.kms.katalon.core.webui.keyword.builtin.ClickKeyword.click(ClickKeyword.groovy:74)
	at com.kms.katalon.core.webui.keyword.builtin.ClickKeyword.execute(ClickKeyword.groovy:40)
	at com.kms.katalon.core.keyword.internal.KeywordExecutor.executeKeywordForPlatform(KeywordExecutor.groovy:74)
	at com.kms.katalon.core.webui.keyword.WebUiBuiltInKeywords.click(WebUiBuiltInKeywords.groovy:659)
	at TC_Amazon_LoginWithCode_003.run(TC_Amazon_LoginWithCode_003:24)
	at com.kms.katalon.core.main.ScriptEngine.run(ScriptEngine.java:194)
	at com.kms.katalon.core.main.ScriptEngine.runScriptAsRawText(ScriptEngine.java:119)
	at com.kms.katalon.core.main.TestCaseExecutor.runScript(TestCaseExecutor.java:448)
	at com.kms.katalon.core.main.TestCaseExecutor.doExecute(TestCaseExecutor.java:439)
	at com.kms.katalon.core.main.TestCaseExecutor.processExecutionPhase(TestCaseExecutor.java:418)
	at com.kms.katalon.core.main.TestCaseExecutor.accessMainPhase(TestCaseExecutor.java:410)
	at com.kms.katalon.core.main.TestCaseExecutor.execute(TestCaseExecutor.java:285)
	at com.kms.katalon.core.common.CommonExecutor.accessTestCaseMainPhase(CommonExecutor.java:65)
	at com.kms.katalon.core.main.TestSuiteExecutor.accessTestSuiteMainPhase(TestSuiteExecutor.java:148)
	at com.kms.katalon.core.main.TestSuiteExecutor.execute(TestSuiteExecutor.java:106)
	at com.kms.katalon.core.main.TestCaseMain.startTestSuite(TestCaseMain.java:180)
	at TempTestSuite1706542133824.run(TempTestSuite1706542133824.groovy:36)
	at java.base/jdk.internal.reflect.NativeMethodAccessorImpl.invoke0(Native Method)
	at java.base/jdk.internal.reflect.NativeMethodAccessorImpl.invoke(NativeMethodAccessorImpl.java:77)
	at java.base/jdk.internal.reflect.DelegatingMethodAccessorImpl.invoke(DelegatingMethodAccessorImpl.java:43)
Caused by: org.openqa.selenium.ElementNotInteractableException: element not interactable
  (Session info: chrome=120.0.6099.225)
Build info: version: '3.141.59', revision: 'e82be7d358', time: '2018-11-14T08:25:53'
System info: host: 'DESKTOP-D1AGAN8', ip: '192.168.56.1', os.name: 'Windows 11', os.arch: 'amd64', os.version: '10.0', java.version: '17.0.7'
Driver info: com.kms.katalon.selenium.driver.CChromeDriver
Capabilities {acceptInsecureCerts: false, browserName: chrome, browserVersion: 120.0.6099.225, chrome: {chromedriverVersion: 120.0.6099.71 (9729082fe617..., userDataDir: C:\Users\THARANI\AppData\Lo...}, fedcm:accounts: true, goog:chromeOptions: {debuggerAddress: localhost:37534}, javascriptEnabled: true, networkConnectionEnabled: false, pageLoadStrategy: normal, platform: WINDOWS, platformName: WINDOWS, proxy: Proxy(), setWindowRect: true, strictFileInteractability: false, timeouts: {implicit: 0, pageLoad: 300000, script: 30000}, unhandledPromptBehavior: dismiss and notify, webauthn:extension:credBlob: true, webauthn:extension:largeBlob: true, webauthn:extension:minPinLength: true, webauthn:extension:prf: true, webauthn:virtualAuthenticators: true}
Session ID: 032dac34ead115861704d8d5dc9be0ae
	at java.base/jdk.internal.reflect.NativeConstructorAccessorImpl.newInstance0(Native Method)
	at java.base/jdk.internal.reflect.NativeConstructorAccessorImpl.newInstance(NativeConstructorAccessorImpl.java:77)
	at java.base/jdk.internal.reflect.DelegatingConstructorAccessorImpl.newInstance(DelegatingConstructorAccessorImpl.java:45)
	at org.openqa.selenium.remote.http.W3CHttpResponseCodec.createException(W3CHttpResponseCodec.java:187)
	at org.openqa.selenium.remote.http.W3CHttpResponseCodec.decode(W3CHttpResponseCodec.java:122)
	at org.openqa.selenium.remote.http.W3CHttpResponseCodec.decode(W3CHttpResponseCodec.java:49)
	at org.openqa.selenium.remote.HttpCommandExecutor.execute(HttpCommandExecutor.java:158)
	at org.openqa.selenium.remote.service.DriverCommandExecutor.execute(DriverCommandExecutor.java:83)
	at org.openqa.selenium.remote.RemoteWebDriver.execute(RemoteWebDriver.java:552)
	at com.kms.katalon.selenium.driver.CChromeDriver.execute(CChromeDriver.java:19)
	at org.openqa.selenium.remote.RemoteWebElement.execute(RemoteWebElement.java:285)
	at org.openqa.selenium.remote.RemoteWebElement.click(RemoteWebElement.java:84)
	at java.base/jdk.internal.reflect.NativeMethodAccessorImpl.invoke0(Native Method)
	at java.base/jdk.internal.reflect.NativeMethodAccessorImpl.invoke(NativeMethodAccessorImpl.java:77)
	at java.base/jdk.internal.reflect.DelegatingMethodAccessorImpl.invoke(DelegatingMethodAccessorImpl.java:43)
	at org.openqa.selenium.support.events.EventFiringWebDriver$EventFiringWebElement.lambda$new$0(EventFiringWebDriver.java:404)
	at jdk.proxy2/jdk.proxy2.$Proxy24.click(Unknown Source)
	at org.openqa.selenium.support.events.EventFiringWebDriver$EventFiringWebElement.click(EventFiringWebDriver.java:417)
	at org.openqa.selenium.WebElement$click.call(Unknown Source)
	at com.kms.katalon.core.webui.keyword.builtin.ClickKeyword.clickUntilSuccessWithTimeout(ClickKeyword.groovy:81)
	at com.kms.katalon.core.webui.keyword.builtin.ClickKeyword.clickUntilSuccessWithTimeout(ClickKeyword.groovy)
	at java.base/jdk.internal.reflect.NativeMethodAccessorImpl.invoke0(Native Method)
	at java.base/jdk.internal.reflect.NativeMethodAccessorImpl.invoke(NativeMethodAccessorImpl.java:77)
	at java.base/jdk.internal.reflect.DelegatingMethodAccessorImpl.invoke(DelegatingMethodAccessorImpl.java:43)
	at com.kms.katalon.core.webui.keyword.builtin.ClickKeyword$_click_closure1.doCall(ClickKeyword.groovy:67)
	at com.kms.katalon.core.webui.keyword.builtin.ClickKeyword$_click_closure1.call(ClickKeyword.groovy)
	at com.kms.katalon.core.webui.keyword.internal.WebUIKeywordMain.runKeyword(WebUIKeywordMain.groovy:20)
	... 20 more]]></system-err>
   </testsuite>
</testsuites>
