<?xml version="1.0" encoding="UTF-8"?>
<testsuites name="Amazon_TestSuiteCollection" time="118.348" tests="5" failures="0" errors="0">
   <testsuite name="Amazon_TesSuite_amazonPayTransactionHistory_005" tests="1" failures="0" errors="0" time="108.659" skipped="0" timestamp="29-01-2024T21:01:13" hostname="THARANI - DESKTOP-D1AGAN8" id="Test Suites/Amazon_TestSuite/Amazon_TesSuite_amazonPayTransactionHistory_005">
      <properties>
         <property name="deviceName" value=""/>
         <property name="devicePlatform" value=""/>
         <property name="logFolder" value="C:\\Users\\THARANI\\git\\SI-GuidedProject-705938-1705903924\\Reports\\20240129_205940\\Amazon_TestSuite\\Amazon_TesSuite_amazonPayTransactionHistory_005\\20240129_210003"/>
         <property name="logFiles" value="C:\\Users\\THARANI\\git\\SI-GuidedProject-705938-1705903924\\Reports\\20240129_205940\\Amazon_TestSuite\\Amazon_TesSuite_amazonPayTransactionHistory_005\\20240129_210003\\execution0.log"/>
         <property name="attachments" value="C:\\Users\\THARANI\\git\\SI-GuidedProject-705938-1705903924\\Reports\\20240129_205940\\Amazon_TestSuite\\Amazon_TesSuite_amazonPayTransactionHistory_005\\20240129_210003\\1706542307549.png, C:\\Users\\THARANI\\git\\SI-GuidedProject-705938-1705903924\\Reports\\20240129_205940\\Amazon_TestSuite\\Amazon_TesSuite_amazonPayTransactionHistory_005\\20240129_210003\\1706542345899.png, C:\\Users\\THARANI\\git\\SI-GuidedProject-705938-1705903924\\Reports\\20240129_205940\\Amazon_TestSuite\\Amazon_TesSuite_amazonPayTransactionHistory_005\\20240129_210003\\1706542361192.png"/>
         <property name="hostName" value="THARANI - DESKTOP-D1AGAN8"/>
         <property name="os" value="Windows 11 64bit"/>
         <property name="katalonVersion" value="9.2.0.212"/>
         <property name="browser" value="Chrome 120.0.0.0"/>
         <property name="hostAddress" value="192.168.56.1"/>
         <property name="sessionId" value="ca725c82d0c687ebf00f54ad554e8e93"/>
         <property name="seleniumVersion" value="3.141.59"/>
         <property name="proxyInformation" value="ProxyInformation { proxyOption=NO_PROXY, proxyServerType=HTTP, username=, password=********, proxyServerAddress=, proxyServerPort=0, executionList=&quot;&quot;, isApplyToDesiredCapabilities=true }"/>
         <property name="platform" value="Windows 11"/>
      </properties>
      <testcase name="Test Cases/TC_Amazon_amazonPayTransactionHistory_005" time="21.158" classname="Test Cases/TC_Amazon_amazonPayTransactionHistory_005" status="PASSED">
         <system-out><![CDATA[29-01-2024T21:02:41 - [TEST_CASE][PASSED] - Test Cases/TC_Amazon_amazonPayTransactionHistory_005: Test Cases/TC_Amazon_amazonPayTransactionHistory_005

29-01-2024T21:02:41 - [TEST_STEP][PASSED] - openBrowser(""): Browser is opened with url: ''

29-01-2024T21:02:41 - [MESSAGE][WARNING] - A browser is already opened. Closing browser and opening a new one

29-01-2024T21:02:41 - [MESSAGE][INFO] - Starting 'Chrome' driver

29-01-2024T21:02:41 - [MESSAGE][INFO] - Action delay is set to 0 milliseconds

29-01-2024T21:02:42 - [MESSAGE][PASSED] - Browser is opened with url: ''

29-01-2024T21:02:42 - [TEST_STEP][PASSED] - navigateToUrl("https://www.amazon.in/"): Navigate to 'https://www.amazon.in/' successfully

29-01-2024T21:02:44 - [MESSAGE][PASSED] - Navigate to 'https://www.amazon.in/' successfully

29-01-2024T21:02:44 - [TEST_STEP][PASSED] - click(findTestObject("Object Repository/Amazon_amazonpayTransactionHistory_OR/Page_Online Shopping site in India Shop Onl_10c5f3/span_Sign in")): Object: 'Object Repository/Amazon_amazonpayTransactionHistory_OR/Page_Online Shopping site in India Shop Onl_10c5f3/span_Sign in' is clicked on

29-01-2024T21:02:47 - [MESSAGE][PASSED] - Object: 'Object Repository/Amazon_amazonpayTransactionHistory_OR/Page_Online Shopping site in India Shop Onl_10c5f3/span_Sign in' is clicked on

29-01-2024T21:02:47 - [TEST_STEP][PASSED] - setText(findTestObject("Object Repository/Amazon_amazonpayTransactionHistory_OR/Page_Amazon Sign In/input_email"), "8639326702"): Text '8639326702' is set on object 'Object Repository/Amazon_amazonpayTransactionHistory_OR/Page_Amazon Sign In/input_email'

29-01-2024T21:02:48 - [MESSAGE][PASSED] - Text '8639326702' is set on object 'Object Repository/Amazon_amazonpayTransactionHistory_OR/Page_Amazon Sign In/input_email'

29-01-2024T21:02:48 - [TEST_STEP][PASSED] - click(findTestObject("Object Repository/Amazon_amazonpayTransactionHistory_OR/Page_Amazon Sign In/inputcontinue")): Object: 'Object Repository/Amazon_amazonpayTransactionHistory_OR/Page_Amazon Sign In/inputcontinue' is clicked on

29-01-2024T21:02:50 - [MESSAGE][PASSED] - Object: 'Object Repository/Amazon_amazonpayTransactionHistory_OR/Page_Amazon Sign In/inputcontinue' is clicked on

29-01-2024T21:02:50 - [TEST_STEP][PASSED] - setEncryptedText(findTestObject("Object Repository/Amazon_amazonpayTransactionHistory_OR/Page_Amazon Sign In/input_password"), "yApcPZgl258tA4QLdcldiw=="): Text ****** has been set on object 'Object Repository/Amazon_amazonpayTransactionHistory_OR/Page_Amazon Sign In/input_password'

29-01-2024T21:02:51 - [MESSAGE][PASSED] - Text ****** has been set on object 'Object Repository/Amazon_amazonpayTransactionHistory_OR/Page_Amazon Sign In/input_password'

29-01-2024T21:02:51 - [TEST_STEP][PASSED] - click(findTestObject("Object Repository/Amazon_amazonpayTransactionHistory_OR/Page_Amazon Sign In/inputsignInSubmit")): Object: 'Object Repository/Amazon_amazonpayTransactionHistory_OR/Page_Amazon Sign In/inputsignInSubmit' is clicked on

29-01-2024T21:02:51 - [MESSAGE][PASSED] - Object: 'Object Repository/Amazon_amazonpayTransactionHistory_OR/Page_Amazon Sign In/inputsignInSubmit' is clicked on

29-01-2024T21:02:51 - [TEST_STEP][PASSED] - click(findTestObject("Object Repository/Amazon_amazonpayTransactionHistory_OR/Page_Online Shopping site in India Shop Onl_10c5f3/i_hm-icon nav-sprite")): Object: 'Object Repository/Amazon_amazonpayTransactionHistory_OR/Page_Online Shopping site in India Shop Onl_10c5f3/i_hm-icon nav-sprite' is clicked on

29-01-2024T21:02:55 - [MESSAGE][PASSED] - Object: 'Object Repository/Amazon_amazonpayTransactionHistory_OR/Page_Online Shopping site in India Shop Onl_10c5f3/i_hm-icon nav-sprite' is clicked on

29-01-2024T21:02:55 - [TEST_STEP][PASSED] - click(findTestObject("Object Repository/Amazon_amazonpayTransactionHistory_OR/Page_Online Shopping site in India Shop Onl_10c5f3/a_Amazon Pay")): Object: 'Object Repository/Amazon_amazonpayTransactionHistory_OR/Page_Online Shopping site in India Shop Onl_10c5f3/a_Amazon Pay' is clicked on

29-01-2024T21:02:57 - [MESSAGE][PASSED] - Object: 'Object Repository/Amazon_amazonpayTransactionHistory_OR/Page_Online Shopping site in India Shop Onl_10c5f3/a_Amazon Pay' is clicked on

29-01-2024T21:02:57 - [TEST_STEP][PASSED] - click(findTestObject("Object Repository/Amazon_amazonpayTransactionHistory_OR/Page_Amazon Pay/span_Your Transactions")): Object: 'Object Repository/Amazon_amazonpayTransactionHistory_OR/Page_Amazon Pay/span_Your Transactions' is clicked on

29-01-2024T21:03:00 - [MESSAGE][PASSED] - Object: 'Object Repository/Amazon_amazonpayTransactionHistory_OR/Page_Amazon Pay/span_Your Transactions' is clicked on

29-01-2024T21:03:00 - [TEST_STEP][PASSED] - click(findTestObject("Object Repository/Amazon_amazonpayTransactionHistory_OR/Page_Amazon Pay - Track all your payments, _52a73a/span_- 17.88")): Object: 'Object Repository/Amazon_amazonpayTransactionHistory_OR/Page_Amazon Pay - Track all your payments, _52a73a/span_- 17.88' is clicked on

29-01-2024T21:03:01 - [MESSAGE][PASSED] - Object: 'Object Repository/Amazon_amazonpayTransactionHistory_OR/Page_Amazon Pay - Track all your payments, _52a73a/span_- 17.88' is clicked on

29-01-2024T21:03:01 - [TEST_STEP][PASSED] - click(findTestObject("Object Repository/Amazon_amazonpayTransactionHistory_OR/Page_Amazon Pay - Track all your payments, _52a73a/span_Cashback received for Amazon Shopping")): Object: 'Object Repository/Amazon_amazonpayTransactionHistory_OR/Page_Amazon Pay - Track all your payments, _52a73a/span_Cashback received for Amazon Shopping' is clicked on

29-01-2024T21:03:01 - [MESSAGE][PASSED] - Object: 'Object Repository/Amazon_amazonpayTransactionHistory_OR/Page_Amazon Pay - Track all your payments, _52a73a/span_Cashback received for Amazon Shopping' is clicked on

29-01-2024T21:03:01 - [TEST_STEP][PASSED] - click(findTestObject("Object Repository/Amazon_amazonpayTransactionHistory_OR/Page_Amazon Pay - Track all your payments, _52a73a/span_Cashback received for Amazon Shopping")): Object: 'Object Repository/Amazon_amazonpayTransactionHistory_OR/Page_Amazon Pay - Track all your payments, _52a73a/span_Cashback received for Amazon Shopping' is clicked on

29-01-2024T21:03:02 - [MESSAGE][PASSED] - Object: 'Object Repository/Amazon_amazonpayTransactionHistory_OR/Page_Amazon Pay - Track all your payments, _52a73a/span_Cashback received for Amazon Shopping' is clicked on

29-01-2024T21:03:02 - [TEST_STEP][PASSED] - closeBrowser(): Browser is closed

29-01-2024T21:03:02 - [MESSAGE][PASSED] - Browser is closed]]></system-out>
         <system-err><![CDATA[]]></system-err>
      </testcase>
      <system-out><![CDATA[29-01-2024T21:01:13 - [TEST_SUITE][FAILED] - Amazon_TesSuite_amazonPayTransactionHistory_005: Test Cases/TC_Amazon_amazonPayTransactionHistory_005 FAILED.
Reason:
com.kms.katalon.core.exception.StepFailedException: Unable to click on object 'Object Repository/Amazon_amazonpayTransactionHistory_OR/Page_Online Shopping site in India Shop Onl_10c5f3/a_Amazon Pay'
	at com.kms.katalon.core.webui.keyword.internal.WebUIKeywordMain.stepFailed(WebUIKeywordMain.groovy:64)
	at com.kms.katalon.core.webui.keyword.internal.WebUIKeywordMain.runKeyword(WebUIKeywordMain.groovy:26)
	at com.kms.katalon.core.webui.keyword.builtin.ClickKeyword.click(ClickKeyword.groovy:74)
	at com.kms.katalon.core.webui.keyword.builtin.ClickKeyword.execute(ClickKeyword.groovy:40)
	at com.kms.katalon.core.keyword.internal.KeywordExecutor.executeKeywordForPlatform(KeywordExecutor.groovy:74)
	at com.kms.katalon.core.webui.keyword.WebUiBuiltInKeywords.click(WebUiBuiltInKeywords.groovy:659)
	at TC_Amazon_amazonPayTransactionHistory_005.run(TC_Amazon_amazonPayTransactionHistory_005:37)
	at com.kms.katalon.core.main.ScriptEngine.run(ScriptEngine.java:194)
	at com.kms.katalon.core.main.ScriptEngine.runScriptAsRawText(ScriptEngine.java:119)
	at com.kms.katalon.core.main.TestCaseExecutor.runScript(TestCaseExecutor.java:448)
	at com.kms.katalon.core.main.TestCaseExecutor.doExecute(TestCaseExecutor.java:439)
	at com.kms.katalon.core.main.TestCaseExecutor.processExecutionPhase(TestCaseExecutor.java:418)
	at com.kms.katalon.core.main.TestCaseExecutor.accessMainPhase(TestCaseExecutor.java:410)
	at com.kms.katalon.core.main.TestCaseExecutor.execute(TestCaseExecutor.java:285)
	at com.kms.katalon.core.common.CommonExecutor.accessTestCaseMainPhase(CommonExecutor.java:65)
	at com.kms.katalon.core.main.TestSuiteExecutor.accessTestSuiteMainPhase(TestSuiteExecutor.java:148)
	at com.kms.katalon.core.main.TestSuiteExecutor.execute(TestSuiteExecutor.java:106)
	at com.kms.katalon.core.main.TestCaseMain.startTestSuite(TestCaseMain.java:180)
	at TempTestSuite1706542203101.run(TempTestSuite1706542203101.groovy:36)
	at java.base/jdk.internal.reflect.NativeMethodAccessorImpl.invoke0(Native Method)
	at java.base/jdk.internal.reflect.NativeMethodAccessorImpl.invoke(NativeMethodAccessorImpl.java:77)
	at java.base/jdk.internal.reflect.DelegatingMethodAccessorImpl.invoke(DelegatingMethodAccessorImpl.java:43)
Caused by: org.openqa.selenium.ElementNotInteractableException: element not interactable
  (Session info: chrome=120.0.6099.225)
Build info: version: '3.141.59', revision: 'e82be7d358', time: '2018-11-14T08:25:53'
System info: host: 'DESKTOP-D1AGAN8', ip: '192.168.56.1', os.name: 'Windows 11', os.arch: 'amd64', os.version: '10.0', java.version: '17.0.7'
Driver info: com.kms.katalon.selenium.driver.CChromeDriver
Capabilities {acceptInsecureCerts: false, browserName: chrome, browserVersion: 120.0.6099.225, chrome: {chromedriverVersion: 120.0.6099.71 (9729082fe617..., userDataDir: C:\Users\THARANI\AppData\Lo...}, fedcm:accounts: true, goog:chromeOptions: {debuggerAddress: localhost:39575}, javascriptEnabled: true, networkConnectionEnabled: false, pageLoadStrategy: normal, platform: WINDOWS, platformName: WINDOWS, proxy: Proxy(), setWindowRect: true, strictFileInteractability: false, timeouts: {implicit: 0, pageLoad: 300000, script: 30000}, unhandledPromptBehavior: dismiss and notify, webauthn:extension:credBlob: true, webauthn:extension:largeBlob: true, webauthn:extension:minPinLength: true, webauthn:extension:prf: true, webauthn:virtualAuthenticators: true}
Session ID: deebca2a4d380c73eb4c15c451de7fa4
	at java.base/jdk.internal.reflect.NativeConstructorAccessorImpl.newInstance0(Native Method)
	at java.base/jdk.internal.reflect.NativeConstructorAccessorImpl.newInstance(NativeConstructorAccessorImpl.java:77)
	at java.base/jdk.internal.reflect.DelegatingConstructorAccessorImpl.newInstance(DelegatingConstructorAccessorImpl.java:45)
	at org.openqa.selenium.remote.http.W3CHttpResponseCodec.createException(W3CHttpResponseCodec.java:187)
	at org.openqa.selenium.remote.http.W3CHttpResponseCodec.decode(W3CHttpResponseCodec.java:122)
	at org.openqa.selenium.remote.http.W3CHttpResponseCodec.decode(W3CHttpResponseCodec.java:49)
	at org.openqa.selenium.remote.HttpCommandExecutor.execute(HttpCommandExecutor.java:158)
	at org.openqa.selenium.remote.service.DriverCommandExecutor.execute(DriverCommandExecutor.java:83)
	at org.openqa.selenium.remote.RemoteWebDriver.execute(RemoteWebDriver.java:552)
	at com.kms.katalon.selenium.driver.CChromeDriver.execute(CChromeDriver.java:19)
	at org.openqa.selenium.remote.RemoteWebElement.execute(RemoteWebElement.java:285)
	at org.openqa.selenium.remote.RemoteWebElement.click(RemoteWebElement.java:84)
	at java.base/jdk.internal.reflect.NativeMethodAccessorImpl.invoke0(Native Method)
	at java.base/jdk.internal.reflect.NativeMethodAccessorImpl.invoke(NativeMethodAccessorImpl.java:77)
	at java.base/jdk.internal.reflect.DelegatingMethodAccessorImpl.invoke(DelegatingMethodAccessorImpl.java:43)
	at org.openqa.selenium.support.events.EventFiringWebDriver$EventFiringWebElement.lambda$new$0(EventFiringWebDriver.java:404)
	at jdk.proxy2/jdk.proxy2.$Proxy24.click(Unknown Source)
	at org.openqa.selenium.support.events.EventFiringWebDriver$EventFiringWebElement.click(EventFiringWebDriver.java:417)
	at org.openqa.selenium.WebElement$click.call(Unknown Source)
	at com.kms.katalon.core.webui.keyword.builtin.ClickKeyword.clickUntilSuccessWithTimeout(ClickKeyword.groovy:81)
	at com.kms.katalon.core.webui.keyword.builtin.ClickKeyword.clickUntilSuccessWithTimeout(ClickKeyword.groovy)
	at java.base/jdk.internal.reflect.NativeMethodAccessorImpl.invoke0(Native Method)
	at java.base/jdk.internal.reflect.NativeMethodAccessorImpl.invoke(NativeMethodAccessorImpl.java:77)
	at java.base/jdk.internal.reflect.DelegatingMethodAccessorImpl.invoke(DelegatingMethodAccessorImpl.java:43)
	at com.kms.katalon.core.webui.keyword.builtin.ClickKeyword$_click_closure1.doCall(ClickKeyword.groovy:67)
	at com.kms.katalon.core.webui.keyword.builtin.ClickKeyword$_click_closure1.call(ClickKeyword.groovy)
	at com.kms.katalon.core.webui.keyword.internal.WebUIKeywordMain.runKeyword(WebUIKeywordMain.groovy:20)
	... 20 more]]></system-out>
      <system-err><![CDATA[29-01-2024T21:01:13 - [TEST_SUITE][FAILED] - Amazon_TesSuite_amazonPayTransactionHistory_005: Test Cases/TC_Amazon_amazonPayTransactionHistory_005 FAILED.
Reason:
com.kms.katalon.core.exception.StepFailedException: Unable to click on object 'Object Repository/Amazon_amazonpayTransactionHistory_OR/Page_Online Shopping site in India Shop Onl_10c5f3/a_Amazon Pay'
	at com.kms.katalon.core.webui.keyword.internal.WebUIKeywordMain.stepFailed(WebUIKeywordMain.groovy:64)
	at com.kms.katalon.core.webui.keyword.internal.WebUIKeywordMain.runKeyword(WebUIKeywordMain.groovy:26)
	at com.kms.katalon.core.webui.keyword.builtin.ClickKeyword.click(ClickKeyword.groovy:74)
	at com.kms.katalon.core.webui.keyword.builtin.ClickKeyword.execute(ClickKeyword.groovy:40)
	at com.kms.katalon.core.keyword.internal.KeywordExecutor.executeKeywordForPlatform(KeywordExecutor.groovy:74)
	at com.kms.katalon.core.webui.keyword.WebUiBuiltInKeywords.click(WebUiBuiltInKeywords.groovy:659)
	at TC_Amazon_amazonPayTransactionHistory_005.run(TC_Amazon_amazonPayTransactionHistory_005:37)
	at com.kms.katalon.core.main.ScriptEngine.run(ScriptEngine.java:194)
	at com.kms.katalon.core.main.ScriptEngine.runScriptAsRawText(ScriptEngine.java:119)
	at com.kms.katalon.core.main.TestCaseExecutor.runScript(TestCaseExecutor.java:448)
	at com.kms.katalon.core.main.TestCaseExecutor.doExecute(TestCaseExecutor.java:439)
	at com.kms.katalon.core.main.TestCaseExecutor.processExecutionPhase(TestCaseExecutor.java:418)
	at com.kms.katalon.core.main.TestCaseExecutor.accessMainPhase(TestCaseExecutor.java:410)
	at com.kms.katalon.core.main.TestCaseExecutor.execute(TestCaseExecutor.java:285)
	at com.kms.katalon.core.common.CommonExecutor.accessTestCaseMainPhase(CommonExecutor.java:65)
	at com.kms.katalon.core.main.TestSuiteExecutor.accessTestSuiteMainPhase(TestSuiteExecutor.java:148)
	at com.kms.katalon.core.main.TestSuiteExecutor.execute(TestSuiteExecutor.java:106)
	at com.kms.katalon.core.main.TestCaseMain.startTestSuite(TestCaseMain.java:180)
	at TempTestSuite1706542203101.run(TempTestSuite1706542203101.groovy:36)
	at java.base/jdk.internal.reflect.NativeMethodAccessorImpl.invoke0(Native Method)
	at java.base/jdk.internal.reflect.NativeMethodAccessorImpl.invoke(NativeMethodAccessorImpl.java:77)
	at java.base/jdk.internal.reflect.DelegatingMethodAccessorImpl.invoke(DelegatingMethodAccessorImpl.java:43)
Caused by: org.openqa.selenium.ElementNotInteractableException: element not interactable
  (Session info: chrome=120.0.6099.225)
Build info: version: '3.141.59', revision: 'e82be7d358', time: '2018-11-14T08:25:53'
System info: host: 'DESKTOP-D1AGAN8', ip: '192.168.56.1', os.name: 'Windows 11', os.arch: 'amd64', os.version: '10.0', java.version: '17.0.7'
Driver info: com.kms.katalon.selenium.driver.CChromeDriver
Capabilities {acceptInsecureCerts: false, browserName: chrome, browserVersion: 120.0.6099.225, chrome: {chromedriverVersion: 120.0.6099.71 (9729082fe617..., userDataDir: C:\Users\THARANI\AppData\Lo...}, fedcm:accounts: true, goog:chromeOptions: {debuggerAddress: localhost:39575}, javascriptEnabled: true, networkConnectionEnabled: false, pageLoadStrategy: normal, platform: WINDOWS, platformName: WINDOWS, proxy: Proxy(), setWindowRect: true, strictFileInteractability: false, timeouts: {implicit: 0, pageLoad: 300000, script: 30000}, unhandledPromptBehavior: dismiss and notify, webauthn:extension:credBlob: true, webauthn:extension:largeBlob: true, webauthn:extension:minPinLength: true, webauthn:extension:prf: true, webauthn:virtualAuthenticators: true}
Session ID: deebca2a4d380c73eb4c15c451de7fa4
	at java.base/jdk.internal.reflect.NativeConstructorAccessorImpl.newInstance0(Native Method)
	at java.base/jdk.internal.reflect.NativeConstructorAccessorImpl.newInstance(NativeConstructorAccessorImpl.java:77)
	at java.base/jdk.internal.reflect.DelegatingConstructorAccessorImpl.newInstance(DelegatingConstructorAccessorImpl.java:45)
	at org.openqa.selenium.remote.http.W3CHttpResponseCodec.createException(W3CHttpResponseCodec.java:187)
	at org.openqa.selenium.remote.http.W3CHttpResponseCodec.decode(W3CHttpResponseCodec.java:122)
	at org.openqa.selenium.remote.http.W3CHttpResponseCodec.decode(W3CHttpResponseCodec.java:49)
	at org.openqa.selenium.remote.HttpCommandExecutor.execute(HttpCommandExecutor.java:158)
	at org.openqa.selenium.remote.service.DriverCommandExecutor.execute(DriverCommandExecutor.java:83)
	at org.openqa.selenium.remote.RemoteWebDriver.execute(RemoteWebDriver.java:552)
	at com.kms.katalon.selenium.driver.CChromeDriver.execute(CChromeDriver.java:19)
	at org.openqa.selenium.remote.RemoteWebElement.execute(RemoteWebElement.java:285)
	at org.openqa.selenium.remote.RemoteWebElement.click(RemoteWebElement.java:84)
	at java.base/jdk.internal.reflect.NativeMethodAccessorImpl.invoke0(Native Method)
	at java.base/jdk.internal.reflect.NativeMethodAccessorImpl.invoke(NativeMethodAccessorImpl.java:77)
	at java.base/jdk.internal.reflect.DelegatingMethodAccessorImpl.invoke(DelegatingMethodAccessorImpl.java:43)
	at org.openqa.selenium.support.events.EventFiringWebDriver$EventFiringWebElement.lambda$new$0(EventFiringWebDriver.java:404)
	at jdk.proxy2/jdk.proxy2.$Proxy24.click(Unknown Source)
	at org.openqa.selenium.support.events.EventFiringWebDriver$EventFiringWebElement.click(EventFiringWebDriver.java:417)
	at org.openqa.selenium.WebElement$click.call(Unknown Source)
	at com.kms.katalon.core.webui.keyword.builtin.ClickKeyword.clickUntilSuccessWithTimeout(ClickKeyword.groovy:81)
	at com.kms.katalon.core.webui.keyword.builtin.ClickKeyword.clickUntilSuccessWithTimeout(ClickKeyword.groovy)
	at java.base/jdk.internal.reflect.NativeMethodAccessorImpl.invoke0(Native Method)
	at java.base/jdk.internal.reflect.NativeMethodAccessorImpl.invoke(NativeMethodAccessorImpl.java:77)
	at java.base/jdk.internal.reflect.DelegatingMethodAccessorImpl.invoke(DelegatingMethodAccessorImpl.java:43)
	at com.kms.katalon.core.webui.keyword.builtin.ClickKeyword$_click_closure1.doCall(ClickKeyword.groovy:67)
	at com.kms.katalon.core.webui.keyword.builtin.ClickKeyword$_click_closure1.call(ClickKeyword.groovy)
	at com.kms.katalon.core.webui.keyword.internal.WebUIKeywordMain.runKeyword(WebUIKeywordMain.groovy:20)
	... 20 more]]></system-err>
   </testsuite>
   <testsuite name="Amazon_TestSuite_LoginWithCode_003" tests="1" failures="0" errors="0" time="30.161" skipped="0" timestamp="29-01-2024T21:01:13" hostname="THARANI - DESKTOP-D1AGAN8" id="Test Suites/Amazon_TestSuite/Amazon_TestSuite_LoginWithCode_003">
      <properties>
         <property name="deviceName" value=""/>
         <property name="devicePlatform" value=""/>
         <property name="logFolder" value="C:\\Users\\THARANI\\git\\SI-GuidedProject-705938-1705903924\\Reports\\20240129_205940\\Amazon_TestSuite\\Amazon_TestSuite_LoginWithCode_003\\20240129_210023"/>
         <property name="logFiles" value="C:\\Users\\THARANI\\git\\SI-GuidedProject-705938-1705903924\\Reports\\20240129_205940\\Amazon_TestSuite\\Amazon_TestSuite_LoginWithCode_003\\20240129_210023\\execution0.log"/>
         <property name="attachments" value=""/>
         <property name="hostName" value="THARANI - DESKTOP-D1AGAN8"/>
         <property name="os" value="Windows 11 64bit"/>
         <property name="katalonVersion" value="9.2.0.212"/>
         <property name="browser" value="Chrome 120.0.0.0"/>
         <property name="hostAddress" value="192.168.56.1"/>
         <property name="sessionId" value="b90f45bcaa2d7adae4a5fa883f035800"/>
         <property name="seleniumVersion" value="3.141.59"/>
         <property name="proxyInformation" value="ProxyInformation { proxyOption=NO_PROXY, proxyServerType=HTTP, username=, password=********, proxyServerAddress=, proxyServerPort=0, executionList=&quot;&quot;, isApplyToDesiredCapabilities=true }"/>
         <property name="platform" value="Windows 11"/>
      </properties>
      <testcase name="Test Cases/TC_Amazon_LoginWithCode_003" time="29.592" classname="Test Cases/TC_Amazon_LoginWithCode_003" status="PASSED">
         <system-out><![CDATA[29-01-2024T21:01:14 - [TEST_CASE][PASSED] - Test Cases/TC_Amazon_LoginWithCode_003: Test Cases/TC_Amazon_LoginWithCode_003

29-01-2024T21:01:15 - [TEST_STEP][PASSED] - openBrowser(""): Browser is opened with url: ''

29-01-2024T21:01:16 - [MESSAGE][INFO] - Starting 'Chrome' driver

29-01-2024T21:01:16 - [MESSAGE][INFO] - Action delay is set to 0 milliseconds

29-01-2024T21:01:22 - [MESSAGE][PASSED] - Browser is opened with url: ''

29-01-2024T21:01:22 - [TEST_STEP][PASSED] - navigateToUrl("https://www.amazon.in/"): Navigate to 'https://www.amazon.in/' successfully

29-01-2024T21:01:30 - [MESSAGE][PASSED] - Navigate to 'https://www.amazon.in/' successfully

29-01-2024T21:01:30 - [TEST_STEP][PASSED] - click(findTestObject("Object Repository/Amazon_LoginWithCode_OR/Page_Online Shopping site in India Shop Onl_10c5f3/span_Sign in")): Object: 'Object Repository/Amazon_LoginWithCode_OR/Page_Online Shopping site in India Shop Onl_10c5f3/span_Sign in' is clicked on

29-01-2024T21:01:34 - [MESSAGE][PASSED] - Object: 'Object Repository/Amazon_LoginWithCode_OR/Page_Online Shopping site in India Shop Onl_10c5f3/span_Sign in' is clicked on

29-01-2024T21:01:34 - [TEST_STEP][PASSED] - setText(findTestObject("Object Repository/Amazon_LoginWithCode_OR/Page_Amazon Sign In/input_email"), "8639326702"): Text '8639326702' is set on object 'Object Repository/Amazon_LoginWithCode_OR/Page_Amazon Sign In/input_email'

29-01-2024T21:01:36 - [MESSAGE][PASSED] - Text '8639326702' is set on object 'Object Repository/Amazon_LoginWithCode_OR/Page_Amazon Sign In/input_email'

29-01-2024T21:01:36 - [TEST_STEP][PASSED] - click(findTestObject("Object Repository/Amazon_LoginWithCode_OR/Page_Amazon Sign In/inputcontinue")): Object: 'Object Repository/Amazon_LoginWithCode_OR/Page_Amazon Sign In/inputcontinue' is clicked on

29-01-2024T21:01:38 - [MESSAGE][PASSED] - Object: 'Object Repository/Amazon_LoginWithCode_OR/Page_Amazon Sign In/inputcontinue' is clicked on

29-01-2024T21:01:38 - [TEST_STEP][PASSED] - click(findTestObject("Object Repository/Amazon_LoginWithCode_OR/Page_Amazon Sign In/inputcontinue")): Object: 'Object Repository/Amazon_LoginWithCode_OR/Page_Amazon Sign In/inputcontinue' is clicked on

29-01-2024T21:01:40 - [MESSAGE][PASSED] - Object: 'Object Repository/Amazon_LoginWithCode_OR/Page_Amazon Sign In/inputcontinue' is clicked on

29-01-2024T21:01:40 - [TEST_STEP][PASSED] - click(findTestObject("Object Repository/Amazon_LoginWithCode_OR/Page_Authentication required/body_cvf-input-code-container     flex 1  A_edb745")): Object: 'Object Repository/Amazon_LoginWithCode_OR/Page_Authentication required/body_cvf-input-code-container     flex 1  A_edb745' is clicked on

29-01-2024T21:01:41 - [MESSAGE][PASSED] - Object: 'Object Repository/Amazon_LoginWithCode_OR/Page_Authentication required/body_cvf-input-code-container     flex 1  A_edb745' is clicked on

29-01-2024T21:01:41 - [TEST_STEP][PASSED] - setText(findTestObject("Object Repository/Amazon_LoginWithCode_OR/Page_Authentication required/input_code"), "585739"): Text '585739' is set on object 'Object Repository/Amazon_LoginWithCode_OR/Page_Authentication required/input_code'

29-01-2024T21:01:42 - [MESSAGE][PASSED] - Text '585739' is set on object 'Object Repository/Amazon_LoginWithCode_OR/Page_Authentication required/input_code'

29-01-2024T21:01:42 - [TEST_STEP][PASSED] - click(findTestObject("Object Repository/Amazon_LoginWithCode_OR/Page_Authentication required/input_a-button-input")): Object: 'Object Repository/Amazon_LoginWithCode_OR/Page_Authentication required/input_a-button-input' is clicked on

29-01-2024T21:01:43 - [MESSAGE][PASSED] - Object: 'Object Repository/Amazon_LoginWithCode_OR/Page_Authentication required/input_a-button-input' is clicked on

29-01-2024T21:01:43 - [TEST_STEP][PASSED] - closeBrowser(): Browser is closed

29-01-2024T21:01:44 - [MESSAGE][PASSED] - Browser is closed]]></system-out>
         <system-err><![CDATA[]]></system-err>
      </testcase>
      <system-out><![CDATA[29-01-2024T21:01:13 - [TEST_SUITE][PASSED] - Amazon_TestSuite_LoginWithCode_003: Test Cases/TC_Amazon_LoginWithCode_003]]></system-out>
      <system-err><![CDATA[]]></system-err>
   </testsuite>
   <testsuite name="Amazon_TestSuite_Login_001" tests="1" failures="0" errors="0" time="88.271" skipped="0" timestamp="29-01-2024T21:01:14" hostname="THARANI - DESKTOP-D1AGAN8" id="Test Suites/Amazon_TestSuite/Amazon_TestSuite_Login_001">
      <properties>
         <property name="deviceName" value=""/>
         <property name="devicePlatform" value=""/>
         <property name="logFolder" value="C:\\Users\\THARANI\\git\\SI-GuidedProject-705938-1705903924\\Reports\\20240129_205940\\Amazon_TestSuite\\Amazon_TestSuite_Login_001\\20240129_210034"/>
         <property name="logFiles" value="C:\\Users\\THARANI\\git\\SI-GuidedProject-705938-1705903924\\Reports\\20240129_205940\\Amazon_TestSuite\\Amazon_TestSuite_Login_001\\20240129_210034\\execution0.log"/>
         <property name="attachments" value=""/>
         <property name="hostName" value="THARANI - DESKTOP-D1AGAN8"/>
         <property name="os" value="Windows 11 64bit"/>
         <property name="katalonVersion" value="9.2.0.212"/>
         <property name="browser" value="Chrome 120.0.0.0"/>
         <property name="hostAddress" value="192.168.56.1"/>
         <property name="sessionId" value="850033b23d3ed0c618c57898ae3123e2"/>
         <property name="seleniumVersion" value="3.141.59"/>
         <property name="proxyInformation" value="ProxyInformation { proxyOption=NO_PROXY, proxyServerType=HTTP, username=, password=********, proxyServerAddress=, proxyServerPort=0, executionList=&quot;&quot;, isApplyToDesiredCapabilities=true }"/>
         <property name="platform" value="Windows 11"/>
      </properties>
      <testcase name="Test Cases/TC_Amazon_Login_001" time="87.573" classname="Test Cases/TC_Amazon_Login_001" status="PASSED">
         <system-out><![CDATA[29-01-2024T21:01:15 - [TEST_CASE][PASSED] - Test Cases/TC_Amazon_Login_001: Test Cases/TC_Amazon_Login_001

29-01-2024T21:01:15 - [TEST_STEP][PASSED] - openBrowser(""): Browser is opened with url: ''

29-01-2024T21:01:17 - [MESSAGE][INFO] - Starting 'Chrome' driver

29-01-2024T21:01:17 - [MESSAGE][INFO] - Action delay is set to 0 milliseconds

29-01-2024T21:01:24 - [MESSAGE][PASSED] - Browser is opened with url: ''

29-01-2024T21:01:24 - [TEST_STEP][PASSED] - navigateToUrl("https://www.amazon.in/"): Navigate to 'https://www.amazon.in/' successfully

29-01-2024T21:01:24 - [MESSAGE][PASSED] - Navigate to 'https://www.amazon.in/' successfully

29-01-2024T21:01:24 - [TEST_STEP][PASSED] - click(findTestObject("Object Repository/Amazon_Login_OR/Page_Online Shopping site in India Shop Onl_10c5f3/span_Sign in")): Object: 'Object Repository/Amazon_Login_OR/Page_Online Shopping site in India Shop Onl_10c5f3/span_Sign in' is clicked on

29-01-2024T21:02:24 - [MESSAGE][PASSED] - Object: 'Object Repository/Amazon_Login_OR/Page_Online Shopping site in India Shop Onl_10c5f3/span_Sign in' is clicked on

29-01-2024T21:02:24 - [TEST_STEP][PASSED] - setText(findTestObject("Object Repository/Amazon_Login_OR/Page_Amazon Sign In/input_email"), "8639326702"): Text '8639326702' is set on object 'Object Repository/Amazon_Login_OR/Page_Amazon Sign In/input_email'

29-01-2024T21:02:32 - [MESSAGE][PASSED] - Text '8639326702' is set on object 'Object Repository/Amazon_Login_OR/Page_Amazon Sign In/input_email'

29-01-2024T21:02:32 - [TEST_STEP][PASSED] - click(findTestObject("Object Repository/Amazon_Login_OR/Page_Amazon Sign In/inputcontinue")): Object: 'Object Repository/Amazon_Login_OR/Page_Amazon Sign In/inputcontinue' is clicked on

29-01-2024T21:02:38 - [MESSAGE][PASSED] - Object: 'Object Repository/Amazon_Login_OR/Page_Amazon Sign In/inputcontinue' is clicked on

29-01-2024T21:02:38 - [TEST_STEP][PASSED] - setEncryptedText(findTestObject("Object Repository/Amazon_Login_OR/Page_Amazon Sign In/input_password"), "yApcPZgl258tA4QLdcldiw=="): Text ****** has been set on object 'Object Repository/Amazon_Login_OR/Page_Amazon Sign In/input_password'

29-01-2024T21:02:40 - [MESSAGE][PASSED] - Text ****** has been set on object 'Object Repository/Amazon_Login_OR/Page_Amazon Sign In/input_password'

29-01-2024T21:02:40 - [TEST_STEP][PASSED] - click(findTestObject("Object Repository/Amazon_Login_OR/Page_Amazon Sign In/inputsignInSubmit")): Object: 'Object Repository/Amazon_Login_OR/Page_Amazon Sign In/inputsignInSubmit' is clicked on

29-01-2024T21:02:42 - [MESSAGE][PASSED] - Object: 'Object Repository/Amazon_Login_OR/Page_Amazon Sign In/inputsignInSubmit' is clicked on

29-01-2024T21:02:42 - [TEST_STEP][PASSED] - closeBrowser(): Browser is closed

29-01-2024T21:02:42 - [MESSAGE][PASSED] - Browser is closed]]></system-out>
         <system-err><![CDATA[]]></system-err>
      </testcase>
      <system-out><![CDATA[29-01-2024T21:01:14 - [TEST_SUITE][PASSED] - Amazon_TestSuite_Login_001: Test Cases/TC_Amazon_Login_001]]></system-out>
      <system-err><![CDATA[]]></system-err>
   </testsuite>
   <testsuite name="Amazon_TestSuite_NewRegistration_004" tests="1" failures="0" errors="0" time="25.378" skipped="0" timestamp="29-01-2024T21:01:19" hostname="THARANI - DESKTOP-D1AGAN8" id="Test Suites/Amazon_TestSuite/Amazon_TestSuite_NewRegistration_004">
      <properties>
         <property name="deviceName" value=""/>
         <property name="devicePlatform" value=""/>
         <property name="logFolder" value="C:\\Users\\THARANI\\git\\SI-GuidedProject-705938-1705903924\\Reports\\20240129_205940\\Amazon_TestSuite\\Amazon_TestSuite_NewRegistration_004\\20240129_210045"/>
         <property name="logFiles" value="C:\\Users\\THARANI\\git\\SI-GuidedProject-705938-1705903924\\Reports\\20240129_205940\\Amazon_TestSuite\\Amazon_TestSuite_NewRegistration_004\\20240129_210045\\execution0.log"/>
         <property name="attachments" value=""/>
         <property name="hostName" value="THARANI - DESKTOP-D1AGAN8"/>
         <property name="os" value="Windows 11 64bit"/>
         <property name="katalonVersion" value="9.2.0.212"/>
         <property name="browser" value="Chrome 120.0.0.0"/>
         <property name="hostAddress" value="192.168.56.1"/>
         <property name="sessionId" value="81d073f4dfb570754eea93fd8b195f70"/>
         <property name="seleniumVersion" value="3.141.59"/>
         <property name="proxyInformation" value="ProxyInformation { proxyOption=NO_PROXY, proxyServerType=HTTP, username=, password=********, proxyServerAddress=, proxyServerPort=0, executionList=&quot;&quot;, isApplyToDesiredCapabilities=true }"/>
         <property name="platform" value="Windows 11"/>
      </properties>
      <testcase name="Test Cases/TC_Amazon_NewRegistration_004" time="24.957" classname="Test Cases/TC_Amazon_NewRegistration_004" status="PASSED">
         <system-out><![CDATA[29-01-2024T21:01:19 - [TEST_CASE][PASSED] - Test Cases/TC_Amazon_NewRegistration_004: Test Cases/TC_Amazon_NewRegistration_004

29-01-2024T21:01:20 - [TEST_STEP][PASSED] - openBrowser(""): Browser is opened with url: ''

29-01-2024T21:01:21 - [MESSAGE][INFO] - Starting 'Chrome' driver

29-01-2024T21:01:21 - [MESSAGE][INFO] - Action delay is set to 0 milliseconds

29-01-2024T21:01:28 - [MESSAGE][PASSED] - Browser is opened with url: ''

29-01-2024T21:01:28 - [TEST_STEP][PASSED] - navigateToUrl("https://www.amazon.in/"): Navigate to 'https://www.amazon.in/' successfully

29-01-2024T21:01:35 - [MESSAGE][PASSED] - Navigate to 'https://www.amazon.in/' successfully

29-01-2024T21:01:35 - [TEST_STEP][PASSED] - click(findTestObject("Object Repository/Amazon_NewRegistration_OR/Page_Online Shopping site in India Shop Onl_10c5f3/a_Start here")): Object: 'Object Repository/Amazon_NewRegistration_OR/Page_Online Shopping site in India Shop Onl_10c5f3/a_Start here' is clicked on

29-01-2024T21:01:39 - [MESSAGE][PASSED] - Object: 'Object Repository/Amazon_NewRegistration_OR/Page_Online Shopping site in India Shop Onl_10c5f3/a_Start here' is clicked on

29-01-2024T21:01:39 - [TEST_STEP][PASSED] - setText(findTestObject("Object Repository/Amazon_NewRegistration_OR/Page_Amazon Registration/input_customerName"), "tara"): Text 'tara' is set on object 'Object Repository/Amazon_NewRegistration_OR/Page_Amazon Registration/input_customerName'

29-01-2024T21:01:40 - [MESSAGE][PASSED] - Text 'tara' is set on object 'Object Repository/Amazon_NewRegistration_OR/Page_Amazon Registration/input_customerName'

29-01-2024T21:01:40 - [TEST_STEP][PASSED] - setText(findTestObject("Object Repository/Amazon_NewRegistration_OR/Page_Amazon Registration/input_email"), "9440327791"): Text '9440327791' is set on object 'Object Repository/Amazon_NewRegistration_OR/Page_Amazon Registration/input_email'

29-01-2024T21:01:41 - [MESSAGE][PASSED] - Text '9440327791' is set on object 'Object Repository/Amazon_NewRegistration_OR/Page_Amazon Registration/input_email'

29-01-2024T21:01:41 - [TEST_STEP][PASSED] - setEncryptedText(findTestObject("Object Repository/Amazon_NewRegistration_OR/Page_Amazon Registration/input_password"), "yApcPZgl258tA4QLdcldiw=="): Text ****** has been set on object 'Object Repository/Amazon_NewRegistration_OR/Page_Amazon Registration/input_password'

29-01-2024T21:01:42 - [MESSAGE][PASSED] - Text ****** has been set on object 'Object Repository/Amazon_NewRegistration_OR/Page_Amazon Registration/input_password'

29-01-2024T21:01:42 - [TEST_STEP][PASSED] - click(findTestObject("Object Repository/Amazon_NewRegistration_OR/Page_Amazon Registration/inputcontinue")): Object: 'Object Repository/Amazon_NewRegistration_OR/Page_Amazon Registration/inputcontinue' is clicked on

29-01-2024T21:01:44 - [MESSAGE][PASSED] - Object: 'Object Repository/Amazon_NewRegistration_OR/Page_Amazon Registration/inputcontinue' is clicked on

29-01-2024T21:01:44 - [TEST_STEP][PASSED] - closeBrowser(): Browser is closed

29-01-2024T21:01:44 - [MESSAGE][PASSED] - Browser is closed]]></system-out>
         <system-err><![CDATA[]]></system-err>
      </testcase>
      <system-out><![CDATA[29-01-2024T21:01:19 - [TEST_SUITE][PASSED] - Amazon_TestSuite_NewRegistration_004: Test Cases/TC_Amazon_NewRegistration_004]]></system-out>
      <system-err><![CDATA[]]></system-err>
   </testsuite>
   <testsuite name="Amazon_ValidateSearchFieldItem_002" tests="1" failures="0" errors="0" time="48.379" skipped="0" timestamp="29-01-2024T21:01:18" hostname="THARANI - DESKTOP-D1AGAN8" id="Test Suites/Amazon_TestSuite/Amazon_ValidateSearchFieldItem_002">
      <properties>
         <property name="deviceName" value=""/>
         <property name="devicePlatform" value=""/>
         <property name="logFolder" value="C:\\Users\\THARANI\\git\\SI-GuidedProject-705938-1705903924\\Reports\\20240129_205940\\Amazon_TestSuite\\Amazon_ValidateSearchFieldItem_002\\20240129_210051"/>
         <property name="logFiles" value="C:\\Users\\THARANI\\git\\SI-GuidedProject-705938-1705903924\\Reports\\20240129_205940\\Amazon_TestSuite\\Amazon_ValidateSearchFieldItem_002\\20240129_210051\\execution0.log"/>
         <property name="attachments" value=""/>
         <property name="hostName" value="THARANI - DESKTOP-D1AGAN8"/>
         <property name="os" value="Windows 11 64bit"/>
         <property name="katalonVersion" value="9.2.0.212"/>
         <property name="browser" value="Chrome 120.0.0.0"/>
         <property name="hostAddress" value="192.168.56.1"/>
         <property name="sessionId" value="9243e2064b00e5ac6abf6145a515f9d2"/>
         <property name="seleniumVersion" value="3.141.59"/>
         <property name="proxyInformation" value="ProxyInformation { proxyOption=NO_PROXY, proxyServerType=HTTP, username=, password=********, proxyServerAddress=, proxyServerPort=0, executionList=&quot;&quot;, isApplyToDesiredCapabilities=true }"/>
         <property name="platform" value="Windows 11"/>
      </properties>
      <testcase name="Test Cases/TC_Amazon_ValidateSearchFieldITem_002" time="47.945" classname="Test Cases/TC_Amazon_ValidateSearchFieldITem_002" status="PASSED">
         <system-out><![CDATA[29-01-2024T21:01:19 - [TEST_CASE][PASSED] - Test Cases/TC_Amazon_ValidateSearchFieldITem_002: Test Cases/TC_Amazon_ValidateSearchFieldITem_002

29-01-2024T21:01:20 - [TEST_STEP][PASSED] - openBrowser(""): Browser is opened with url: ''

29-01-2024T21:01:20 - [MESSAGE][INFO] - Starting 'Chrome' driver

29-01-2024T21:01:20 - [MESSAGE][INFO] - Action delay is set to 0 milliseconds

29-01-2024T21:01:29 - [MESSAGE][PASSED] - Browser is opened with url: ''

29-01-2024T21:01:29 - [TEST_STEP][PASSED] - navigateToUrl("https://www.amazon.in/"): Navigate to 'https://www.amazon.in/' successfully

29-01-2024T21:01:29 - [MESSAGE][PASSED] - Navigate to 'https://www.amazon.in/' successfully

29-01-2024T21:01:29 - [TEST_STEP][PASSED] - click(findTestObject("Object Repository/Amazon_ValidateSearchFieldItem_OR/Page_Online Shopping site in India Shop Onl_10c5f3/span_Sign in")): Object: 'Object Repository/Amazon_ValidateSearchFieldItem_OR/Page_Online Shopping site in India Shop Onl_10c5f3/span_Sign in' is clicked on

29-01-2024T21:01:38 - [MESSAGE][PASSED] - Object: 'Object Repository/Amazon_ValidateSearchFieldItem_OR/Page_Online Shopping site in India Shop Onl_10c5f3/span_Sign in' is clicked on

29-01-2024T21:01:38 - [TEST_STEP][PASSED] - setText(findTestObject("Object Repository/Amazon_ValidateSearchFieldItem_OR/Page_Amazon Sign In/input_email"), "8639326702"): Text '8639326702' is set on object 'Object Repository/Amazon_ValidateSearchFieldItem_OR/Page_Amazon Sign In/input_email'

29-01-2024T21:01:40 - [MESSAGE][PASSED] - Text '8639326702' is set on object 'Object Repository/Amazon_ValidateSearchFieldItem_OR/Page_Amazon Sign In/input_email'

29-01-2024T21:01:40 - [TEST_STEP][PASSED] - click(findTestObject("Object Repository/Amazon_ValidateSearchFieldItem_OR/Page_Amazon Sign In/inputcontinue")): Object: 'Object Repository/Amazon_ValidateSearchFieldItem_OR/Page_Amazon Sign In/inputcontinue' is clicked on

29-01-2024T21:01:41 - [MESSAGE][PASSED] - Object: 'Object Repository/Amazon_ValidateSearchFieldItem_OR/Page_Amazon Sign In/inputcontinue' is clicked on

29-01-2024T21:01:41 - [TEST_STEP][PASSED] - setEncryptedText(findTestObject("Object Repository/Amazon_ValidateSearchFieldItem_OR/Page_Amazon Sign In/input_password"), "yApcPZgl258tA4QLdcldiw=="): Text ****** has been set on object 'Object Repository/Amazon_ValidateSearchFieldItem_OR/Page_Amazon Sign In/input_password'

29-01-2024T21:01:42 - [MESSAGE][PASSED] - Text ****** has been set on object 'Object Repository/Amazon_ValidateSearchFieldItem_OR/Page_Amazon Sign In/input_password'

29-01-2024T21:01:42 - [TEST_STEP][PASSED] - click(findTestObject("Object Repository/Amazon_ValidateSearchFieldItem_OR/Page_Amazon Sign In/inputsignInSubmit")): Object: 'Object Repository/Amazon_ValidateSearchFieldItem_OR/Page_Amazon Sign In/inputsignInSubmit' is clicked on

29-01-2024T21:01:43 - [MESSAGE][PASSED] - Object: 'Object Repository/Amazon_ValidateSearchFieldItem_OR/Page_Amazon Sign In/inputsignInSubmit' is clicked on

29-01-2024T21:01:43 - [TEST_STEP][PASSED] - selectOptionByValue(findTestObject("Object Repository/Amazon_ValidateSearchFieldItem_OR/Page_Online Shopping site in India Shop Onl_10c5f3/select_All Categories        Alexa Skills  _a62561"), "search-alias=electronics", true): All options with value 'search-alias=electronics' are selected in object 'Object Repository/Amazon_ValidateSearchFieldItem_OR/Page_Online Shopping site in India Shop Onl_10c5f3/select_All Categories        Alexa Skills  _a62561'  using regular expression

29-01-2024T21:02:00 - [MESSAGE][PASSED] - All options with value 'search-alias=electronics' are selected in object 'Object Repository/Amazon_ValidateSearchFieldItem_OR/Page_Online Shopping site in India Shop Onl_10c5f3/select_All Categories        Alexa Skills  _a62561'  using regular expression

29-01-2024T21:02:00 - [TEST_STEP][PASSED] - setText(findTestObject("Object Repository/Amazon_ValidateSearchFieldItem_OR/Page_Online Shopping site in India Shop Onl_10c5f3/input_field-keywords"), "Samsung Galaxys23 ultra"): Text 'Samsung Galaxys23 ultra' is set on object 'Object Repository/Amazon_ValidateSearchFieldItem_OR/Page_Online Shopping site in India Shop Onl_10c5f3/input_field-keywords'

29-01-2024T21:02:01 - [MESSAGE][PASSED] - Text 'Samsung Galaxys23 ultra' is set on object 'Object Repository/Amazon_ValidateSearchFieldItem_OR/Page_Online Shopping site in India Shop Onl_10c5f3/input_field-keywords'

29-01-2024T21:02:01 - [TEST_STEP][PASSED] - click(findTestObject("Object Repository/Amazon_ValidateSearchFieldItem_OR/Page_Online Shopping site in India Shop Onl_10c5f3/inputnav-search-submit-button")): Object: 'Object Repository/Amazon_ValidateSearchFieldItem_OR/Page_Online Shopping site in India Shop Onl_10c5f3/inputnav-search-submit-button' is clicked on

29-01-2024T21:02:06 - [MESSAGE][PASSED] - Object: 'Object Repository/Amazon_ValidateSearchFieldItem_OR/Page_Online Shopping site in India Shop Onl_10c5f3/inputnav-search-submit-button' is clicked on

29-01-2024T21:02:06 - [TEST_STEP][PASSED] - click(findTestObject("Object Repository/Amazon_ValidateSearchFieldItem_OR/Page_Amazon.in  Samsung Galaxys23 ultra/img_s-image")): Object: 'Object Repository/Amazon_ValidateSearchFieldItem_OR/Page_Amazon.in  Samsung Galaxys23 ultra/img_s-image' is clicked on

29-01-2024T21:02:07 - [MESSAGE][PASSED] - Object: 'Object Repository/Amazon_ValidateSearchFieldItem_OR/Page_Amazon.in  Samsung Galaxys23 ultra/img_s-image' is clicked on

29-01-2024T21:02:07 - [TEST_STEP][PASSED] - closeBrowser(): Browser is closed

29-01-2024T21:02:07 - [MESSAGE][PASSED] - Browser is closed]]></system-out>
         <system-err><![CDATA[]]></system-err>
      </testcase>
      <system-out><![CDATA[29-01-2024T21:01:18 - [TEST_SUITE][PASSED] - Amazon_ValidateSearchFieldItem_002: Test Cases/TC_Amazon_ValidateSearchFieldITem_002]]></system-out>
      <system-err><![CDATA[]]></system-err>
   </testsuite>
</testsuites>
